2026-05-10T20:41:29.0095040Z,Updating submodules.,5db9b40d-32f6-4233-941f-ac87921ee163,0
2026-05-10T20:41:30.1864566Z,Preparing deployment for commit id '1b40d381-a'.,cb131f41-8caa-4276-913d-a4df6c7bfb86,0
2026-05-10T20:41:30.6603607Z,PreDeployment: context.CleanOutputPath False,73a62548-1b46-4444-b906-bb249c4681b7,0
2026-05-10T20:41:30.8838247Z,PreDeployment: context.OutputPath /home/site/wwwroot,9fcd9ae1-ea4b-4af4-9a9b-f652535dc88a,0
2026-05-10T20:41:31.1698304Z,Repository path is /tmp/zipdeploy/extracted,f8afbaf5-9d81-4ace-a674-4af53f7a84c3,0
2026-05-10T20:41:31.3946902Z,Running oryx build...,63957e55-6ac9-4567-9471-b1eb89b27b11,0
	2026-05-10T20:41:31.4390794Z,Command: oryx build /tmp/zipdeploy/extracted -o /home/site/wwwroot --platform python --platform-version 3.12 -p virtualenv_name=antenv --log-file /tmp/build-debug.log  -i /tmp/8deaed48401a0b2 --compress-destination-dir | tee /tmp/oryx-build.log,,0
	2026-05-10T20:41:34.0788923Z,Operation performed by Microsoft Oryx&comma; https://github.com/Microsoft/Oryx,,0
	2026-05-10T20:41:34.1746821Z,You can report issues at https://github.com/Microsoft/Oryx/issues,,0
	2026-05-10T20:41:34.2386449Z,,,0
	2026-05-10T20:41:34.3220036Z,Oryx Version: 0.2.20260420.1+83c04e9ee1882dc90d279b63348824daedbd3c96&comma; Commit: 83c04e9ee1882dc90d279b63348824daedbd3c96&comma; ReleaseTagName: 20260420.1,,0
	2026-05-10T20:41:34.4110103Z,,,0
	2026-05-10T20:41:34.4606309Z,Build Operation ID: f22e590a95d68ce4,,0
	2026-05-10T20:41:34.5174088Z,Repository Commit : 1b40d381-a8b3-494f-83d6-91459dfc6fda,,0
	2026-05-10T20:41:34.5942965Z,OS Type           : bullseye,,0
	2026-05-10T20:41:34.6684229Z,Image Type        : githubactions,,0
	2026-05-10T20:41:34.7162822Z,,,0
	2026-05-10T20:41:34.7572829Z,Primary SDK Storage URL: https://oryx-cdn.microsoft.io,,0
	2026-05-10T20:41:34.8065047Z,Backup SDK Storage URL: ,,0
	2026-05-10T20:41:34.9022340Z,ACR SDK Registry URL: (not set),,0
	2026-05-10T20:41:34.9580487Z,SDK provider status:,,0
	2026-05-10T20:41:34.9965306Z,  External ACR SDK provider: Disabled,,0
	2026-05-10T20:41:35.0188801Z,  External SDK provider: Enabled,,0
	2026-05-10T20:41:35.0473075Z,  Direct ACR SDK provider: Disabled,,0
	2026-05-10T20:41:35.0672074Z,  Blob SDK provider: Enabled,,0
	2026-05-10T20:41:35.0873424Z,Detecting platforms...,,0
	2026-05-10T20:41:35.1165116Z,Requesting metadata for platform python from external SDK provider,,0
	2026-05-10T20:41:36.4386703Z,Requesting metadata for platform python from external SDK provider,,0
	2026-05-10T20:41:36.8731042Z,Version resolved using external SDK provider.,,0
	2026-05-10T20:41:37.0944973Z,Detected following platforms:,,0
	2026-05-10T20:41:37.1510285Z,  python: 3.12.13,,0
	2026-05-10T20:41:37.7620072Z,,,0
	2026-05-10T20:41:37.8891804Z,Using intermediate directory '/tmp/8deaed48401a0b2'.,,0
	2026-05-10T20:41:37.9751253Z,,,0
	2026-05-10T20:41:38.0510333Z,Copying files to the intermediate directory...,,0
	2026-05-10T20:41:39.4372530Z,Copying files to intermediate directory done in 1 sec(s).,,0
	2026-05-10T20:41:39.5142926Z,,,0
	2026-05-10T20:41:39.6008229Z,Source directory     : /tmp/8deaed48401a0b2,,0
	2026-05-10T20:41:39.6941857Z,Destination directory: /home/site/wwwroot,,0
	2026-05-10T20:41:39.7652916Z,,,0
	2026-05-10T20:41:39.8490817Z,Running build script snippets...,,0
	2026-05-10T20:41:39.9341074Z,Python Version: /tmp/oryx/platforms/python/3.12.13/bin/python3.12,,0
	2026-05-10T20:41:40.0187690Z,Creating directory for command manifest file if it does not exist,,0
	2026-05-10T20:41:40.0773048Z,Removing existing manifest file,,0
	2026-05-10T20:41:40.1360086Z,Python Virtual Environment: antenv,,0
	2026-05-10T20:41:40.2254675Z,Creating virtual environment...,,0
	2026-05-10T20:41:40.3038720Z,Executing: /tmp/oryx/platforms/python/3.12.13/bin/python3.12 -m venv antenv --copies --system-site-packages,,0
	2026-05-10T20:41:56.1882745Z,Activating virtual environment...,,0
	2026-05-10T20:41:56.3314290Z,Fast build is enabled,,0
	2026-05-10T20:41:56.4163847Z,Installing uv...,,0
	2026-05-10T20:41:59.4051522Z,Collecting uv,,0
	2026-05-10T20:41:59.4887486Z,  Using cached uv-0.11.12-py3-none-manylinux_2_17_x86_64.manylinux2014_x86_64.whl.metadata (11 kB),,0
	2026-05-10T20:41:59.5817234Z,Using cached uv-0.11.12-py3-none-manylinux_2_17_x86_64.manylinux2014_x86_64.whl (24.7 MB),,0
	2026-05-10T20:42:00.2176873Z,Installing collected packages: uv,,0
	2026-05-10T20:42:03.2091096Z,Successfully installed uv-0.11.12,,0
	2026-05-10T20:42:05.2802654Z,,,1
	2026-05-10T20:42:05.4725915Z,[notice] A new release of pip is available: 25.0.1 -> 26.1.1,,1
	2026-05-10T20:42:05.6512040Z,[notice] To update&comma; run: pip install --upgrade pip,,1
	2026-05-10T20:42:07.5185573Z,Running uv pip install...,,0
	2026-05-10T20:42:38.6401647Z,Using Python 3.12.13 environment at: antenv,,0
	2026-05-10T20:42:38.7404698Z,Resolved 37 packages in 1.64s,,0
	2026-05-10T20:42:38.7872964Z,Prepared 1 package in 87ms,,0
	2026-05-10T20:42:38.8571749Z,Installed 37 packages in 1.35s,,0
	2026-05-10T20:42:38.9098579Z,Bytecode compiled 1181 files in 26.05s,,0
	2026-05-10T20:42:38.9437562Z, + annotated-types==0.7.0,,0
	2026-05-10T20:42:39.0014647Z, + anyio==4.13.0,,0
	2026-05-10T20:42:39.0527402Z, + certifi==2026.4.22,,0
	2026-05-10T20:42:39.1148837Z, + cffi==2.0.0,,0
	2026-05-10T20:42:39.1749713Z, + charset-normalizer==3.4.7,,0
	2026-05-10T20:42:39.2679864Z, + click==8.3.3,,0
	2026-05-10T20:42:39.3185178Z, + cryptography==45.0.7,,0
	2026-05-10T20:42:39.4032125Z, + deprecated==1.3.1,,0
	2026-05-10T20:42:39.4510952Z, + fastapi==0.115.6,,0
	2026-05-10T20:42:39.5016728Z, + gunicorn==23.0.0,,0
	2026-05-10T20:42:39.5578968Z, + h11==0.16.0,,0
	2026-05-10T20:42:39.6171672Z, + httpcore==1.0.9,,0
	2026-05-10T20:42:39.6803477Z, + httptools==0.7.1,,0
	2026-05-10T20:42:39.7306844Z, + httpx==0.28.1,,0
	2026-05-10T20:42:39.8563255Z, + idna==3.14,,0
	2026-05-10T20:42:39.9125682Z, + limits==5.8.0,,0
	2026-05-10T20:42:39.9799536Z, + msal==1.31.1,,0
	2026-05-10T20:42:40.0379725Z, + packaging==26.2,,0
	2026-05-10T20:42:40.1229925Z, + pycparser==3.0,,0
	2026-05-10T20:42:40.1738062Z, + pydantic==2.10.4,,0
	2026-05-10T20:42:40.2436277Z, + pydantic-core==2.27.2,,0
	2026-05-10T20:42:40.3385770Z, + pydantic-settings==2.7.1,,0
	2026-05-10T20:42:40.4143509Z, + pyjwt==2.12.1,,0
	2026-05-10T20:42:40.5045840Z, + python-dotenv==1.0.1,,0
	2026-05-10T20:42:40.6435079Z, + python-multipart==0.0.20,,0
	2026-05-10T20:42:40.7337071Z, + pyyaml==6.0.3,,0
	2026-05-10T20:42:40.8283337Z, + requests==2.33.1,,0
	2026-05-10T20:42:40.9144985Z, + slowapi==0.1.9,,0
	2026-05-10T20:42:40.9719191Z, + sse-starlette==2.2.1,,0
	2026-05-10T20:42:41.0377897Z, + starlette==0.41.3,,0
	2026-05-10T20:42:41.1053969Z, + typing-extensions==4.15.0,,0
	2026-05-10T20:42:41.2632946Z, + urllib3==2.7.0,,0
	2026-05-10T20:42:41.3733502Z, + uvicorn==0.34.0,,0
	2026-05-10T20:42:41.4679611Z, + uvloop==0.22.1,,0
	2026-05-10T20:42:41.5362602Z, + watchfiles==1.1.1,,0
	2026-05-10T20:42:41.6155052Z, + websockets==16.0,,0
	2026-05-10T20:42:41.6696493Z, + wrapt==2.1.2,,0
	2026-05-10T20:42:41.7375196Z,uv pip install done in 42 sec(s).,,0
	2026-05-10T20:42:41.7895575Z,Not a vso image&comma; so not writing build commands,,0
	2026-05-10T20:42:41.8473591Z,,,0
	2026-05-10T20:42:41.8953322Z,Copying 'requirements.txt' to destination directory...,,0
	2026-05-10T20:42:41.9606207Z,Done copying requirements.txt to destination directory.,,0
	2026-05-10T20:42:42.0263332Z,Build script snippets done in 59 sec(s).,,0
	2026-05-10T20:42:42.0860949Z,Preparing output...,,0
	2026-05-10T20:42:42.1552213Z,Compressing source directory directly to destination (optimized path)...,,0
	2026-05-10T20:42:42.2279254Z,Using zstd for compression,,0
	2026-05-10T20:42:49.7238873Z,Copied the compressed output to '/home/site/wwwroot',,0
	2026-05-10T20:42:49.9676237Z,Direct compression with zstd done in 11 sec(s).,,0
	2026-05-10T20:42:50.0994605Z,,,0
	2026-05-10T20:42:50.1740188Z,Removing existing manifest file,,0
	2026-05-10T20:42:50.2314108Z,Creating a manifest file...,,0
	2026-05-10T20:42:50.3097033Z,Manifest file created.,,0
	2026-05-10T20:42:50.3781692Z,Copying .ostype to manifest output directory.,,0
	2026-05-10T20:42:50.4649537Z,,,0
	2026-05-10T20:42:50.5307286Z,Total execution done in 73 sec(s).,,0
2026-05-10T20:42:51.4741257Z,Running post deployment command(s)...,c745d962-b43b-4dde-a005-79ff12f6e9c2,0
2026-05-10T20:42:51.7110948Z,,31b82e34-14a3-49e2-84fb-85599b5ee976,0
2026-05-10T20:42:51.8993497Z,Generating summary of Oryx build,497c9237-26b7-42b3-905a-b5b85138b8fe,0
2026-05-10T20:42:52.1923612Z,Parsing the build logs,26f3cc76-4544-47f9-b18c-a054879a71cb,0
2026-05-10T20:42:52.5353091Z,Found 0 issue(s),1d81c61e-13a5-46b1-afe3-ab729e85f8de,0
2026-05-10T20:42:52.7525796Z,,0f2cabb1-c38b-461a-973e-fb229f9b8a32,0
2026-05-10T20:42:52.9683556Z,Build Summary :,4f557e25-8bae-471b-9578-57d2bae8c2b1,0
2026-05-10T20:42:53.2213484Z,===============,5f86a64b-2081-46a4-8d80-95105938772b,0
2026-05-10T20:42:53.5235703Z,Errors (0),3527ab53-fc09-4fd1-9bd5-f18be1269bab,0
2026-05-10T20:42:53.7355906Z,Warnings (0),85af2923-097b-411c-8308-72c6e7c93f9c,0
2026-05-10T20:42:53.9871079Z,,3699ae47-84eb-4d38-a75e-e80697166d64,0
2026-05-10T20:42:54.2497422Z,Triggering container recycle for OneDeploy by adding/updating restartTrigger.txt to the site root path,ec1c589c-6ef3-4be6-9f15-15c3c0f0741d,0
2026-05-10T20:42:54.5480265Z,Deployment successful. deployer = OneDeploy deploymentPath = OneDeploy,dba0f849-2034-43f9-a59d-ad5a14b368de,0
