2026-05-10T18:42:31.8210049Z,Updating submodules.,63a5c6c2-7f8e-4f19-9827-67daa21e58ff,0
2026-05-10T18:42:33.2467537Z,Preparing deployment for commit id '2d79c5f2-6'.,c4772896-14de-4b0a-bb39-641fe0adfb2e,0
2026-05-10T18:42:34.2366997Z,PreDeployment: context.CleanOutputPath False,ecd4d10f-6404-4692-b42f-a9bf4a5370dd,0
2026-05-10T18:42:34.4726228Z,PreDeployment: context.OutputPath /home/site/wwwroot,40124afd-0a93-4b70-9263-8b8c93d3e6fc,0
2026-05-10T18:42:34.6861266Z,Repository path is /tmp/zipdeploy/extracted,f4849e0b-79cc-4e31-b56b-d9e92b27a8e8,0
2026-05-10T18:42:34.8873055Z,Running oryx build...,09c2f241-c887-44dd-ad1d-514a9d42750a,0
	2026-05-10T18:42:34.9212077Z,Command: oryx build /tmp/zipdeploy/extracted -o /home/site/wwwroot --platform python --platform-version 3.12 -p virtualenv_name=antenv --log-file /tmp/build-debug.log  -i /tmp/8deaec3e631a0f2 --compress-destination-dir | tee /tmp/oryx-build.log,,0
	2026-05-10T18:42:37.2994155Z,Operation performed by Microsoft Oryx&comma; https://github.com/Microsoft/Oryx,,0
	2026-05-10T18:42:37.4040695Z,You can report issues at https://github.com/Microsoft/Oryx/issues,,0
	2026-05-10T18:42:37.4543254Z,,,0
	2026-05-10T18:42:37.5200432Z,Oryx Version: 0.2.20260420.1+83c04e9ee1882dc90d279b63348824daedbd3c96&comma; Commit: 83c04e9ee1882dc90d279b63348824daedbd3c96&comma; ReleaseTagName: 20260420.1,,0
	2026-05-10T18:42:37.6279070Z,,,0
	2026-05-10T18:42:37.6613666Z,Build Operation ID: 783c4bccd6fdc5d3,,0
	2026-05-10T18:42:37.7041902Z,Repository Commit : 2d79c5f2-67a0-499d-bde3-508643c1b6dc,,0
	2026-05-10T18:42:37.7706570Z,OS Type           : bullseye,,0
	2026-05-10T18:42:37.8184232Z,Image Type        : githubactions,,0
	2026-05-10T18:42:37.8858442Z,,,0
	2026-05-10T18:42:37.9654759Z,Primary SDK Storage URL: https://oryx-cdn.microsoft.io,,0
	2026-05-10T18:42:38.0988200Z,Backup SDK Storage URL: ,,0
	2026-05-10T18:42:38.1500754Z,ACR SDK Registry URL: (not set),,0
	2026-05-10T18:42:38.1740611Z,SDK provider status:,,0
	2026-05-10T18:42:38.1976951Z,  External ACR SDK provider: Disabled,,0
	2026-05-10T18:42:38.2377165Z,  External SDK provider: Enabled,,0
	2026-05-10T18:42:38.2855326Z,  Direct ACR SDK provider: Disabled,,0
	2026-05-10T18:42:38.3214483Z,  Blob SDK provider: Enabled,,0
	2026-05-10T18:42:38.3497732Z,Detecting platforms...,,0
	2026-05-10T18:42:38.3772168Z,Requesting metadata for platform python from external SDK provider,,0
	2026-05-10T18:42:39.3511318Z,Requesting metadata for platform python from external SDK provider,,0
	2026-05-10T18:42:39.7903060Z,Version resolved using external SDK provider.,,0
	2026-05-10T18:42:40.0129799Z,Detected following platforms:,,0
	2026-05-10T18:42:40.1161791Z,  python: 3.12.13,,0
	2026-05-10T18:42:40.7899983Z,,,0
	2026-05-10T18:42:40.8816555Z,Using intermediate directory '/tmp/8deaec3e631a0f2'.,,0
	2026-05-10T18:42:40.9300644Z,,,0
	2026-05-10T18:42:40.9657284Z,Copying files to the intermediate directory...,,0
	2026-05-10T18:42:41.5892758Z,Copying files to intermediate directory done in 1 sec(s).,,0
	2026-05-10T18:42:41.6647313Z,,,0
	2026-05-10T18:42:41.7129216Z,Source directory     : /tmp/8deaec3e631a0f2,,0
	2026-05-10T18:42:41.7913098Z,Destination directory: /home/site/wwwroot,,0
	2026-05-10T18:42:41.8862649Z,,,0
	2026-05-10T18:42:42.1531740Z,Running build script snippets...,,0
	2026-05-10T18:42:42.2124245Z,Python Version: /tmp/oryx/platforms/python/3.12.13/bin/python3.12,,0
	2026-05-10T18:42:42.2500231Z,Creating directory for command manifest file if it does not exist,,0
	2026-05-10T18:42:42.3180483Z,Removing existing manifest file,,0
	2026-05-10T18:42:42.3858956Z,Python Virtual Environment: antenv,,0
	2026-05-10T18:42:42.5367967Z,Creating virtual environment...,,0
	2026-05-10T18:42:42.5843509Z,Executing: /tmp/oryx/platforms/python/3.12.13/bin/python3.12 -m venv antenv --copies --system-site-packages,,0
	2026-05-10T18:42:56.1242048Z,Activating virtual environment...,,0
	2026-05-10T18:42:56.2711075Z,Fast build is enabled,,0
	2026-05-10T18:42:56.3446063Z,Installing uv...,,0
	2026-05-10T18:42:59.9359208Z,Collecting uv,,0
	2026-05-10T18:43:00.1241846Z,  Using cached uv-0.11.12-py3-none-manylinux_2_17_x86_64.manylinux2014_x86_64.whl.metadata (11 kB),,0
	2026-05-10T18:43:00.2498541Z,Using cached uv-0.11.12-py3-none-manylinux_2_17_x86_64.manylinux2014_x86_64.whl (24.7 MB),,0
	2026-05-10T18:43:02.2899430Z,Installing collected packages: uv,,0
	2026-05-10T18:43:06.7717593Z,Successfully installed uv-0.11.12,,0
	2026-05-10T18:43:09.1556096Z,,,1
	2026-05-10T18:43:09.5304905Z,[notice] A new release of pip is available: 25.0.1 -> 26.1.1,,1
	2026-05-10T18:43:09.7877396Z,[notice] To update&comma; run: pip install --upgrade pip,,1
	2026-05-10T18:43:12.0699208Z,Running uv pip install...,,0
	2026-05-10T18:43:25.3238310Z,Using Python 3.12.13 environment at: antenv,,0
	2026-05-10T18:43:25.4401465Z,Resolved 37 packages in 1.64s,,0
	2026-05-10T18:43:25.4873617Z,Installed 37 packages in 458ms,,0
	2026-05-10T18:43:25.5570955Z,Bytecode compiled 1181 files in 8.90s,,0
	2026-05-10T18:43:25.6608415Z, + annotated-types==0.7.0,,0
	2026-05-10T18:43:25.7407591Z, + anyio==4.13.0,,0
	2026-05-10T18:43:25.8075283Z, + certifi==2026.4.22,,0
	2026-05-10T18:43:25.8577103Z, + cffi==2.0.0,,0
	2026-05-10T18:43:25.9072843Z, + charset-normalizer==3.4.7,,0
	2026-05-10T18:43:25.9592292Z, + click==8.3.3,,0
	2026-05-10T18:43:26.0166993Z, + cryptography==45.0.7,,0
	2026-05-10T18:43:26.0644652Z, + deprecated==1.3.1,,0
	2026-05-10T18:43:26.1104564Z, + fastapi==0.115.6,,0
	2026-05-10T18:43:26.1829633Z, + gunicorn==23.0.0,,0
	2026-05-10T18:43:26.2268024Z, + h11==0.16.0,,0
	2026-05-10T18:43:26.3000227Z, + httpcore==1.0.9,,0
	2026-05-10T18:43:26.3467364Z, + httptools==0.7.1,,0
	2026-05-10T18:43:26.4219260Z, + httpx==0.28.1,,0
	2026-05-10T18:43:26.4792343Z, + idna==3.13,,0
	2026-05-10T18:43:26.5353789Z, + limits==5.8.0,,0
	2026-05-10T18:43:26.6034958Z, + msal==1.31.1,,0
	2026-05-10T18:43:26.6967473Z, + packaging==26.2,,0
	2026-05-10T18:43:26.7582455Z, + pycparser==3.0,,0
	2026-05-10T18:43:26.8244615Z, + pydantic==2.10.4,,0
	2026-05-10T18:43:26.9263429Z, + pydantic-core==2.27.2,,0
	2026-05-10T18:43:27.0192670Z, + pydantic-settings==2.7.1,,0
	2026-05-10T18:43:27.0675106Z, + pyjwt==2.12.1,,0
	2026-05-10T18:43:27.1162617Z, + python-dotenv==1.0.1,,0
	2026-05-10T18:43:27.1732623Z, + python-multipart==0.0.20,,0
	2026-05-10T18:43:27.2367223Z, + pyyaml==6.0.3,,0
	2026-05-10T18:43:27.3079814Z, + requests==2.33.1,,0
	2026-05-10T18:43:27.3811723Z, + slowapi==0.1.9,,0
	2026-05-10T18:43:27.4567872Z, + sse-starlette==2.2.1,,0
	2026-05-10T18:43:27.5658505Z, + starlette==0.41.3,,0
	2026-05-10T18:43:27.6300277Z, + typing-extensions==4.15.0,,0
	2026-05-10T18:43:27.7359625Z, + urllib3==2.7.0,,0
	2026-05-10T18:43:27.8024864Z, + uvicorn==0.34.0,,0
	2026-05-10T18:43:27.8480425Z, + uvloop==0.22.1,,0
	2026-05-10T18:43:27.8947400Z, + watchfiles==1.1.1,,0
	2026-05-10T18:43:27.9581263Z, + websockets==16.0,,0
	2026-05-10T18:43:28.0159970Z, + wrapt==2.1.2,,0
	2026-05-10T18:43:28.1615202Z,uv pip install done in 29 sec(s).,,0
	2026-05-10T18:43:28.2880367Z,Not a vso image&comma; so not writing build commands,,0
	2026-05-10T18:43:28.3548003Z,,,0
	2026-05-10T18:43:28.3924555Z,Copying 'requirements.txt' to destination directory...,,0
	2026-05-10T18:43:28.4953671Z,Done copying requirements.txt to destination directory.,,0
	2026-05-10T18:43:28.5697546Z,Build script snippets done in 43 sec(s).,,0
	2026-05-10T18:43:28.6449372Z,Preparing output...,,0
	2026-05-10T18:43:28.6955516Z,Compressing source directory directly to destination (optimized path)...,,0
	2026-05-10T18:43:28.7717690Z,Using zstd for compression,,0
	2026-05-10T18:43:38.3842335Z,Copied the compressed output to '/home/site/wwwroot',,0
	2026-05-10T18:43:38.5885243Z,Direct compression with zstd done in 13 sec(s).,,0
	2026-05-10T18:43:38.6374156Z,,,0
	2026-05-10T18:43:38.6957134Z,Removing existing manifest file,,0
	2026-05-10T18:43:38.7459276Z,Creating a manifest file...,,0
	2026-05-10T18:43:38.7967805Z,Manifest file created.,,0
	2026-05-10T18:43:38.8257285Z,Copying .ostype to manifest output directory.,,0
	2026-05-10T18:43:38.8717883Z,,,0
	2026-05-10T18:43:38.9197811Z,Total execution done in 58 sec(s).,,0
2026-05-10T18:43:39.4596797Z,Running post deployment command(s)...,8ca4080d-7cc7-4f86-94ce-390234dbd01e,0
2026-05-10T18:43:39.6550672Z,,6799f15b-35b5-4268-9877-9340b0b7da04,0
2026-05-10T18:43:39.8379483Z,Generating summary of Oryx build,a34fdfb0-7ef5-4976-9965-f70a48317911,0
2026-05-10T18:43:40.0787460Z,Parsing the build logs,0ec99253-ccb0-4381-b5d8-e6b5a5320a57,0
2026-05-10T18:43:40.2735383Z,Found 0 issue(s),d2840f26-064e-498e-b3e8-35abd2c0a66f,0
2026-05-10T18:43:40.4671960Z,,ec8628b9-1556-4ca2-b6f4-7d018c19ce63,0
2026-05-10T18:43:40.6878479Z,Build Summary :,022db214-ac19-48b3-a80c-c692fde8cb2d,0
2026-05-10T18:43:40.9078658Z,===============,f58fbdb6-5a08-4594-af56-fbbb42415101,0
2026-05-10T18:43:41.0672924Z,Errors (0),05dbe8de-6949-4762-8167-46f5807723ed,0
2026-05-10T18:43:41.3431370Z,Warnings (0),1e4f98c6-f0f8-4efe-b958-5608b8d5ef07,0
2026-05-10T18:43:41.5668131Z,,46fb74e9-c4fd-450b-9edf-81c450c6bf53,0
2026-05-10T18:43:41.8225834Z,Triggering container recycle for OneDeploy by adding/updating restartTrigger.txt to the site root path,0eabee9b-e55a-4661-be1b-400d784a7f40,0
2026-05-10T18:43:42.0658129Z,Deployment successful. deployer = OneDeploy deploymentPath = OneDeploy,c3752129-1553-4801-895f-65b789f3b983,0
