2026-05-10T19:13:15.8636153Z,Updating submodules.,29a7ce9f-51e2-4e9e-9430-98aef7f43565,0
2026-05-10T19:13:17.0411777Z,Preparing deployment for commit id '0153a9b0-3'.,262f4f89-416a-4165-9dae-121897f5a370,0
2026-05-10T19:13:17.5764023Z,PreDeployment: context.CleanOutputPath False,0263aa62-501c-4a63-8053-7b931b6e4b3c,0
2026-05-10T19:13:17.7922198Z,PreDeployment: context.OutputPath /home/site/wwwroot,2f7551b1-1e39-4a29-87ef-2a74be8b9f99,0
2026-05-10T19:13:18.0118950Z,Repository path is /tmp/zipdeploy/extracted,23c7d67c-7aeb-4e10-8229-eb5a56609226,0
2026-05-10T19:13:18.2142430Z,Running oryx build...,254f9050-15c8-4c9c-95b9-f3332ee8311c,0
	2026-05-10T19:13:18.2581229Z,Command: oryx build /tmp/zipdeploy/extracted -o /home/site/wwwroot --platform python --platform-version 3.12 -p virtualenv_name=antenv --log-file /tmp/build-debug.log  -i /tmp/8deaec831142dc6 --compress-destination-dir | tee /tmp/oryx-build.log,,0
	2026-05-10T19:13:20.6744556Z,Operation performed by Microsoft Oryx&comma; https://github.com/Microsoft/Oryx,,0
	2026-05-10T19:13:20.7769229Z,You can report issues at https://github.com/Microsoft/Oryx/issues,,0
	2026-05-10T19:13:20.8284597Z,,,0
	2026-05-10T19:13:20.8764784Z,Oryx Version: 0.2.20260420.1+83c04e9ee1882dc90d279b63348824daedbd3c96&comma; Commit: 83c04e9ee1882dc90d279b63348824daedbd3c96&comma; ReleaseTagName: 20260420.1,,0
	2026-05-10T19:13:20.9266495Z,,,0
	2026-05-10T19:13:20.9683028Z,Build Operation ID: 2076c4f8b96b28be,,0
	2026-05-10T19:13:21.0026636Z,Repository Commit : 0153a9b0-3d50-4836-8eb0-7673baf652f0,,0
	2026-05-10T19:13:21.0888589Z,OS Type           : bullseye,,0
	2026-05-10T19:13:21.1655260Z,Image Type        : githubactions,,0
	2026-05-10T19:13:21.2806473Z,,,0
	2026-05-10T19:13:21.3678149Z,Primary SDK Storage URL: https://oryx-cdn.microsoft.io,,0
	2026-05-10T19:13:21.5092183Z,Backup SDK Storage URL: ,,0
	2026-05-10T19:13:21.5759315Z,ACR SDK Registry URL: (not set),,0
	2026-05-10T19:13:21.6220296Z,SDK provider status:,,0
	2026-05-10T19:13:21.6908407Z,  External ACR SDK provider: Disabled,,0
	2026-05-10T19:13:21.7728954Z,  External SDK provider: Enabled,,0
	2026-05-10T19:13:21.8736516Z,  Direct ACR SDK provider: Disabled,,0
	2026-05-10T19:13:21.9242895Z,  Blob SDK provider: Enabled,,0
	2026-05-10T19:13:21.9959487Z,Detecting platforms...,,0
	2026-05-10T19:13:22.0635058Z,Requesting metadata for platform python from external SDK provider,,0
	2026-05-10T19:13:24.7144325Z,Requesting metadata for platform python from external SDK provider,,0
	2026-05-10T19:13:25.2412666Z,Version resolved using external SDK provider.,,0
	2026-05-10T19:13:25.5529695Z,Detected following platforms:,,0
	2026-05-10T19:13:25.6156457Z,  python: 3.12.13,,0
	2026-05-10T19:13:26.6674721Z,,,0
	2026-05-10T19:13:26.8804302Z,Using intermediate directory '/tmp/8deaec831142dc6'.,,0
	2026-05-10T19:13:26.9736610Z,,,0
	2026-05-10T19:13:27.1095483Z,Copying files to the intermediate directory...,,0
	2026-05-10T19:13:27.8741647Z,Copying files to intermediate directory done in 1 sec(s).,,0
	2026-05-10T19:13:28.0005365Z,,,0
	2026-05-10T19:13:28.0564611Z,Source directory     : /tmp/8deaec831142dc6,,0
	2026-05-10T19:13:28.1613224Z,Destination directory: /home/site/wwwroot,,0
	2026-05-10T19:13:28.2558894Z,,,0
	2026-05-10T19:13:28.9661448Z,Running build script snippets...,,0
	2026-05-10T19:13:29.0453874Z,Python Version: /tmp/oryx/platforms/python/3.12.13/bin/python3.12,,0
	2026-05-10T19:13:29.1212073Z,Creating directory for command manifest file if it does not exist,,0
	2026-05-10T19:13:29.1895001Z,Removing existing manifest file,,0
	2026-05-10T19:13:29.3422300Z,Python Virtual Environment: antenv,,0
	2026-05-10T19:13:29.4246355Z,Creating virtual environment...,,0
	2026-05-10T19:13:29.4918446Z,Executing: /tmp/oryx/platforms/python/3.12.13/bin/python3.12 -m venv antenv --copies --system-site-packages,,0
	2026-05-10T19:13:44.7844223Z,Activating virtual environment...,,0
	2026-05-10T19:13:44.8988796Z,Fast build is enabled,,0
	2026-05-10T19:13:44.9560071Z,Installing uv...,,0
	2026-05-10T19:13:48.5502421Z,Collecting uv,,0
	2026-05-10T19:13:48.7385035Z,  Using cached uv-0.11.12-py3-none-manylinux_2_17_x86_64.manylinux2014_x86_64.whl.metadata (11 kB),,0
	2026-05-10T19:13:48.8470741Z,Using cached uv-0.11.12-py3-none-manylinux_2_17_x86_64.manylinux2014_x86_64.whl (24.7 MB),,0
	2026-05-10T19:13:50.8847164Z,Installing collected packages: uv,,0
	2026-05-10T19:13:57.0298618Z,Successfully installed uv-0.11.12,,0
	2026-05-10T19:13:57.5280616Z,,,1
	2026-05-10T19:13:57.5827570Z,[notice] A new release of pip is available: 25.0.1 -> 26.1.1,,1
	2026-05-10T19:13:57.6376870Z,[notice] To update&comma; run: pip install --upgrade pip,,1
	2026-05-10T19:13:57.9804057Z,Running uv pip install...,,0
	2026-05-10T19:14:12.6925376Z,Using Python 3.12.13 environment at: antenv,,0
	2026-05-10T19:14:12.8335152Z,Resolved 37 packages in 1.33s,,0
	2026-05-10T19:14:12.9037025Z,Installed 37 packages in 434ms,,0
	2026-05-10T19:14:12.9858883Z,Bytecode compiled 1181 files in 12.24s,,0
	2026-05-10T19:14:13.0340925Z, + annotated-types==0.7.0,,0
	2026-05-10T19:14:13.0630684Z, + anyio==4.13.0,,0
	2026-05-10T19:14:13.1195386Z, + certifi==2026.4.22,,0
	2026-05-10T19:14:13.1913831Z, + cffi==2.0.0,,0
	2026-05-10T19:14:13.2502539Z, + charset-normalizer==3.4.7,,0
	2026-05-10T19:14:13.3359009Z, + click==8.3.3,,0
	2026-05-10T19:14:13.3900189Z, + cryptography==45.0.7,,0
	2026-05-10T19:14:13.4299008Z, + deprecated==1.3.1,,0
	2026-05-10T19:14:13.4790849Z, + fastapi==0.115.6,,0
	2026-05-10T19:14:13.6006403Z, + gunicorn==23.0.0,,0
	2026-05-10T19:14:13.6703278Z, + h11==0.16.0,,0
	2026-05-10T19:14:13.7185665Z, + httpcore==1.0.9,,0
	2026-05-10T19:14:13.7795755Z, + httptools==0.7.1,,0
	2026-05-10T19:14:13.8424798Z, + httpx==0.28.1,,0
	2026-05-10T19:14:13.9009934Z, + idna==3.13,,0
	2026-05-10T19:14:13.9843777Z, + limits==5.8.0,,0
	2026-05-10T19:14:14.0499761Z, + msal==1.31.1,,0
	2026-05-10T19:14:14.1264081Z, + packaging==26.2,,0
	2026-05-10T19:14:14.1723738Z, + pycparser==3.0,,0
	2026-05-10T19:14:14.2379988Z, + pydantic==2.10.4,,0
	2026-05-10T19:14:14.3042659Z, + pydantic-core==2.27.2,,0
	2026-05-10T19:14:14.3721712Z, + pydantic-settings==2.7.1,,0
	2026-05-10T19:14:14.4254472Z, + pyjwt==2.12.1,,0
	2026-05-10T19:14:14.4821398Z, + python-dotenv==1.0.1,,0
	2026-05-10T19:14:14.5591050Z, + python-multipart==0.0.20,,0
	2026-05-10T19:14:14.6104383Z, + pyyaml==6.0.3,,0
	2026-05-10T19:14:14.6636919Z, + requests==2.33.1,,0
	2026-05-10T19:14:14.7235895Z, + slowapi==0.1.9,,0
	2026-05-10T19:14:14.7838115Z, + sse-starlette==2.2.1,,0
	2026-05-10T19:14:14.9168226Z, + starlette==0.41.3,,0
	2026-05-10T19:14:15.0754316Z, + typing-extensions==4.15.0,,0
	2026-05-10T19:14:15.1493412Z, + urllib3==2.7.0,,0
	2026-05-10T19:14:15.2222703Z, + uvicorn==0.34.0,,0
	2026-05-10T19:14:15.3154094Z, + uvloop==0.22.1,,0
	2026-05-10T19:14:15.4110527Z, + watchfiles==1.1.1,,0
	2026-05-10T19:14:15.5383312Z, + websockets==16.0,,0
	2026-05-10T19:14:15.6322855Z, + wrapt==2.1.2,,0
	2026-05-10T19:14:15.6803700Z,uv pip install done in 28 sec(s).,,0
	2026-05-10T19:14:15.7524056Z,Not a vso image&comma; so not writing build commands,,0
	2026-05-10T19:14:15.8123752Z,,,0
	2026-05-10T19:14:15.8701320Z,Copying 'requirements.txt' to destination directory...,,0
	2026-05-10T19:14:15.9306261Z,Done copying requirements.txt to destination directory.,,0
	2026-05-10T19:14:16.0078699Z,Build script snippets done in 44 sec(s).,,0
	2026-05-10T19:14:16.1059974Z,Preparing output...,,0
	2026-05-10T19:14:16.1599864Z,Compressing source directory directly to destination (optimized path)...,,0
	2026-05-10T19:14:16.2192640Z,Using zstd for compression,,0
	2026-05-10T19:14:22.7495233Z,Copied the compressed output to '/home/site/wwwroot',,0
	2026-05-10T19:14:22.8515034Z,Direct compression with zstd done in 10 sec(s).,,0
	2026-05-10T19:14:22.8919245Z,,,0
	2026-05-10T19:14:22.9473820Z,Removing existing manifest file,,0
	2026-05-10T19:14:22.9875321Z,Creating a manifest file...,,0
	2026-05-10T19:14:23.0157317Z,Manifest file created.,,0
	2026-05-10T19:14:23.0371481Z,Copying .ostype to manifest output directory.,,0
	2026-05-10T19:14:23.0630030Z,,,0
	2026-05-10T19:14:23.0868606Z,Total execution done in 56 sec(s).,,0
2026-05-10T19:14:23.5791782Z,Running post deployment command(s)...,17e33d74-8ce3-4bdf-afb2-1f8e4f8b51b0,0
2026-05-10T19:14:23.7991823Z,,12a60809-fec7-4414-9ff8-5509c7f8a1b0,0
2026-05-10T19:14:23.9823201Z,Generating summary of Oryx build,859e7453-63d1-4b75-bf65-d30e014262bb,0
2026-05-10T19:14:24.2066446Z,Parsing the build logs,97b0dff8-bf75-45d8-890b-ca64373911af,0
2026-05-10T19:14:24.4229240Z,Found 0 issue(s),cf47d8e7-cc6f-4398-8a7c-fecbe44ea671,0
2026-05-10T19:14:24.6434780Z,,c37b4be4-771c-4692-9dfe-d2360ab1285d,0
2026-05-10T19:14:24.8660068Z,Build Summary :,26ef6def-06fa-4668-9a2d-52fba7637143,0
2026-05-10T19:14:25.1929600Z,===============,33917813-5a28-4e23-a04e-aca876aa03ad,0
2026-05-10T19:14:25.4588659Z,Errors (0),a983b63e-fd2e-423d-b5e3-466727fcb49f,0
2026-05-10T19:14:25.7499280Z,Warnings (0),5d277c5d-7a45-4b2b-9f7f-a99f93129dfb,0
2026-05-10T19:14:25.9679289Z,,e39797de-955b-4593-b9c9-bca6c263135e,0
2026-05-10T19:14:26.2158653Z,Triggering container recycle for OneDeploy by adding/updating restartTrigger.txt to the site root path,6ac65723-afb2-4e48-a5f5-6c9c6de13718,0
2026-05-10T19:14:26.4903148Z,Deployment successful. deployer = OneDeploy deploymentPath = OneDeploy,eccfc50c-8721-4198-98c9-a8554e0fd133,0
