2026-05-12T07:11:04.2798629Z State: Starting, Action: EstablishingSiteNetworks, LastError: , LastErrorTimestamp: 01/01/0001 00:00:00, LastErrorDetails: , Details: , DetailsLevel: INFO
2026-05-12T07:11:07.8118894Z State: Starting, Action: StartingSiteContainers, LastError: , LastErrorTimestamp: 01/01/0001 00:00:00, LastErrorDetails: , Details: , DetailsLevel: INFO
2026-05-12T07:11:07.8143846Z Container start method called.
2026-05-12T07:11:07.8418596Z State: Starting, Action: PullingImage, LastError: , LastErrorTimestamp: 01/01/0001 00:00:00, LastErrorDetails: , Details: Pulling image 10.1.0.4:13209/appsvc/python:3.12_20260203.2.tuxprod for fabric-demo-gallery-api., DetailsLevel: INFO
2026-05-12T07:11:07.8421855Z Establishing network.
2026-05-12T07:11:07.8963297Z Pulling image: appsvc/python:3.12_20260203.2.tuxprod.
2026-05-12T07:11:08.4264599Z Container is starting.
2026-05-12T07:11:08.4276956Z State: Starting, Action: MountingVolumes, LastError: , LastErrorTimestamp: 01/01/0001 00:00:00, LastErrorDetails: , Details: Mounting volumes for fabric-demo-gallery-api., DetailsLevel: INFO
2026-05-12T07:11:08.4285803Z Establishing user namespace if not established already.
2026-05-12T07:11:08.4292073Z Establishing network if not established already.
2026-05-12T07:11:08.4373480Z Mounting volumes.
2026-05-12T07:11:08.4457534Z Nested mountpoint 
2026-05-12T07:11:08.5326694Z Nested mountpoint volatile/logs
2026-05-12T07:11:08.5677192Z Nested mountpoint 
2026-05-12T07:11:08.5975490Z Nested mountpoint 
2026-05-12T07:11:08.7719483Z Nested mountpoint 
2026-05-12T07:11:09.5187674Z State: Starting, Action: CreatingContainer, LastError: , LastErrorTimestamp: 01/01/0001 00:00:00, LastErrorDetails: , Details: Finished pulling container image and mounting volumes for fabric-demo-gallery-api. Allocatinng the rest of the container resources to finish container creation., DetailsLevel: INFO
2026-05-12T07:11:09.5282388Z Creating container.
2026-05-12T07:11:09.5350062Z Creating pipes for streaming container io.
2026-05-12T07:11:09.5351746Z Creating stdout named pipe at /podr/container/pipe/9d912770b43b_fabric-demo-gallery-api/stdout_1cfa58b621f64de683d88b15550a9a49.
2026-05-12T07:11:09.5735606Z Successfully created stdout named pipe at: /podr/container/pipe/9d912770b43b_fabric-demo-gallery-api/stdout_1cfa58b621f64de683d88b15550a9a49.
2026-05-12T07:11:09.5737726Z Opening named pipe /podr/container/pipe/9d912770b43b_fabric-demo-gallery-api/stdout_1cfa58b621f64de683d88b15550a9a49 for reading in non-blocking mode.
2026-05-12T07:11:09.5739144Z Successfully opened named pipe: /podr/container/pipe/9d912770b43b_fabric-demo-gallery-api/stdout_1cfa58b621f64de683d88b15550a9a49.
2026-05-12T07:11:09.5927421Z Successfully removed non-blocking flag from /podr/container/pipe/9d912770b43b_fabric-demo-gallery-api/stdout_1cfa58b621f64de683d88b15550a9a49.
2026-05-12T07:11:09.6400370Z Creating stderr named pipe at /podr/container/pipe/9d912770b43b_fabric-demo-gallery-api/stderr_8f2db8a3d2b84256aace2fd913950bc5.
2026-05-12T07:11:09.6421874Z Successfully created stderr named pipe at: /podr/container/pipe/9d912770b43b_fabric-demo-gallery-api/stderr_8f2db8a3d2b84256aace2fd913950bc5.
2026-05-12T07:11:09.6423732Z Opening named pipe /podr/container/pipe/9d912770b43b_fabric-demo-gallery-api/stderr_8f2db8a3d2b84256aace2fd913950bc5 for reading in non-blocking mode.
2026-05-12T07:11:09.6790579Z Successfully opened named pipe: /podr/container/pipe/9d912770b43b_fabric-demo-gallery-api/stderr_8f2db8a3d2b84256aace2fd913950bc5.
2026-05-12T07:11:09.6793917Z Successfully removed non-blocking flag from /podr/container/pipe/9d912770b43b_fabric-demo-gallery-api/stderr_8f2db8a3d2b84256aace2fd913950bc5.
2026-05-12T07:11:09.7066903Z Creating container with image: appsvc/python:3.12_20260203.2.tuxprod from registry: 10.1.0.4:13209 and fully qualified image name: 10.1.0.4:13209/appsvc/python:3.12_20260203.2.tuxprod
2026-05-12T07:11:10.8646300Z Starting container: 9d912770b43b_fabric-demo-gallery-api.
2026-05-12T07:11:11.0928547Z Starting watchers and probes.
2026-05-12T07:11:11.1435581Z Starting metrics collection.
2026-05-12T07:11:11.1463018Z Container is running.
2026-05-12T07:11:11.1464217Z State: Starting, Action: CreatingContainer, LastError: , LastErrorTimestamp: 01/01/0001 00:00:00, LastErrorDetails: , Details: Container fabric-demo-gallery-api successfully created and is running., DetailsLevel: INFO
2026-05-12T07:11:11.6210579Z Container start method finished after 3800 ms.
2026-05-12T07:11:11.6242781Z State: Starting, Action: InitiatingSiteWarmUpProbe, LastError: , LastErrorTimestamp: 01/01/0001 00:00:00, LastErrorDetails: , Details: Container fabric-demo-gallery-api successfully created and is running., DetailsLevel: INFO
2026-05-12T07:11:11.6243669Z State: Starting, Action: WaitingForSiteWarmUpProbeSuccess, LastError: , LastErrorTimestamp: 01/01/0001 00:00:00, LastErrorDetails: , Details: Pinging warmup path to ensure container is ready to receive requests., DetailsLevel: INFO
2026-05-12T07:12:09.0365143Z Site startup probe succeeded after 57.3542654 seconds.
2026-05-12T07:12:10.3120388Z State: Starting, Action: WarmUpProbeSucceeded, LastError: , LastErrorTimestamp: 01/01/0001 00:00:00, LastErrorDetails: , Details: Site startup probe succeeded after 57.3542654 seconds., DetailsLevel: INFO
2026-05-12T07:12:12.7879136Z Site is running with deployment version: 87205583-91cc-448e-a6a8-95afd4fcbc4d
2026-05-12T07:12:12.8570995Z Site started.
2026-05-12T07:12:12.8578416Z State: Started, Action: None, LastError: , LastErrorTimestamp: 01/01/0001 00:00:00, LastErrorDetails: , Details: Site started at 05/12/2026 07:12:12 (UTC), DetailsLevel: INFO
2026-05-12T07:12:12.9111051Z Site is running with patch version PYTHON 3.12.12
2026-05-12T07:12:33.3514735Z State: Stopping, Action: StoppingSite, LastError: , LastErrorTimestamp: 01/01/0001 00:00:00, LastErrorDetails: , Details: Site started at 05/10/2026 21:13:21 (UTC), DetailsLevel: INFO
2026-05-12T07:12:33.3593568Z State: Stopping, Action: StoppingSiteContainers, LastError: , LastErrorTimestamp: 01/01/0001 00:00:00, LastErrorDetails: , Details: Site started at 05/10/2026 21:13:21 (UTC), DetailsLevel: INFO
2026-05-12T07:12:33.3605138Z Container is terminating. Grace period: 5 seconds.
2026-05-12T07:12:33.4262332Z Stop and delete container. Retry count = 0
2026-05-12T07:12:33.4266861Z Stopping container: f523c4bb56db_fabric-demo-gallery-api.
2026-05-12T07:12:38.6839015Z Deleting container: f523c4bb56db_fabric-demo-gallery-api. Retry count = 0
2026-05-12T07:12:40.1323620Z Container spec TerminationMessagePolicy  path 
2026-05-12T07:12:40.1348725Z Container is terminated. Total time elapsed: 6772 ms.
2026-05-12T07:12:40.1443778Z Site: fabric-demo-gallery-api stopped.
2026-05-12T07:55:38.6068076Z State: Starting, Action: EstablishingSiteNetworks, LastError: , LastErrorTimestamp: 01/01/0001 00:00:00, LastErrorDetails: , Details: , DetailsLevel: INFO
2026-05-12T07:55:41.0659294Z State: Starting, Action: StartingSiteContainers, LastError: , LastErrorTimestamp: 01/01/0001 00:00:00, LastErrorDetails: , Details: , DetailsLevel: INFO
2026-05-12T07:55:41.0932376Z Container start method called.
2026-05-12T07:55:41.0953370Z State: Starting, Action: PullingImage, LastError: , LastErrorTimestamp: 01/01/0001 00:00:00, LastErrorDetails: , Details: Pulling image 10.1.0.5:13209/appsvc/python:3.12_20260203.2.tuxprod for fabric-demo-gallery-api., DetailsLevel: INFO
2026-05-12T07:55:41.0956062Z Establishing network.
2026-05-12T07:55:41.1039386Z Pulling image: appsvc/python:3.12_20260203.2.tuxprod.
2026-05-12T07:55:41.8542360Z Container is starting.
2026-05-12T07:55:41.8543854Z State: Starting, Action: MountingVolumes, LastError: , LastErrorTimestamp: 01/01/0001 00:00:00, LastErrorDetails: , Details: Mounting volumes for fabric-demo-gallery-api., DetailsLevel: INFO
2026-05-12T07:55:41.8553557Z Establishing user namespace if not established already.
2026-05-12T07:55:41.8555320Z Establishing network if not established already.
2026-05-12T07:55:41.8556823Z Mounting volumes.
2026-05-12T07:55:41.8660039Z Nested mountpoint 
2026-05-12T07:55:41.9554079Z Nested mountpoint volatile/logs
2026-05-12T07:55:41.9820195Z Nested mountpoint 
2026-05-12T07:55:42.0975296Z Nested mountpoint 
2026-05-12T07:55:42.1184487Z Nested mountpoint 
2026-05-12T07:55:42.8423115Z State: Starting, Action: CreatingContainer, LastError: , LastErrorTimestamp: 01/01/0001 00:00:00, LastErrorDetails: , Details: Finished pulling container image and mounting volumes for fabric-demo-gallery-api. Allocatinng the rest of the container resources to finish container creation., DetailsLevel: INFO
2026-05-12T07:55:42.8436197Z Creating container.
2026-05-12T07:55:42.8442253Z Creating pipes for streaming container io.
2026-05-12T07:55:42.8501044Z Creating stdout named pipe at /podr/container/pipe/716605766432_fabric-demo-gallery-api/stdout_97104afc059b4a7ab752f79750f3952d.
2026-05-12T07:55:42.8508428Z Successfully created stdout named pipe at: /podr/container/pipe/716605766432_fabric-demo-gallery-api/stdout_97104afc059b4a7ab752f79750f3952d.
2026-05-12T07:55:42.8509606Z Opening named pipe /podr/container/pipe/716605766432_fabric-demo-gallery-api/stdout_97104afc059b4a7ab752f79750f3952d for reading in non-blocking mode.
2026-05-12T07:55:42.8510943Z Successfully opened named pipe: /podr/container/pipe/716605766432_fabric-demo-gallery-api/stdout_97104afc059b4a7ab752f79750f3952d.
2026-05-12T07:55:42.8528831Z Successfully removed non-blocking flag from /podr/container/pipe/716605766432_fabric-demo-gallery-api/stdout_97104afc059b4a7ab752f79750f3952d.
2026-05-12T07:55:42.8603911Z Creating stderr named pipe at /podr/container/pipe/716605766432_fabric-demo-gallery-api/stderr_09587a63159548e2b8640c18741a2696.
2026-05-12T07:55:42.8607998Z Successfully created stderr named pipe at: /podr/container/pipe/716605766432_fabric-demo-gallery-api/stderr_09587a63159548e2b8640c18741a2696.
2026-05-12T07:55:42.8609365Z Opening named pipe /podr/container/pipe/716605766432_fabric-demo-gallery-api/stderr_09587a63159548e2b8640c18741a2696 for reading in non-blocking mode.
2026-05-12T07:55:42.8610704Z Successfully opened named pipe: /podr/container/pipe/716605766432_fabric-demo-gallery-api/stderr_09587a63159548e2b8640c18741a2696.
2026-05-12T07:55:42.8611884Z Successfully removed non-blocking flag from /podr/container/pipe/716605766432_fabric-demo-gallery-api/stderr_09587a63159548e2b8640c18741a2696.
2026-05-12T07:55:42.8699772Z Creating container with image: appsvc/python:3.12_20260203.2.tuxprod from registry: 10.1.0.5:13209 and fully qualified image name: 10.1.0.5:13209/appsvc/python:3.12_20260203.2.tuxprod
2026-05-12T07:55:44.6282242Z Starting container: 716605766432_fabric-demo-gallery-api.
2026-05-12T07:55:44.8005198Z Starting watchers and probes.
2026-05-12T07:55:44.8191652Z Starting metrics collection.
2026-05-12T07:55:44.8283604Z Container is running.
2026-05-12T07:55:44.8355211Z State: Starting, Action: CreatingContainer, LastError: , LastErrorTimestamp: 01/01/0001 00:00:00, LastErrorDetails: , Details: Container fabric-demo-gallery-api successfully created and is running., DetailsLevel: INFO
2026-05-12T07:55:45.3451365Z Container start method finished after 4124 ms.
2026-05-12T07:55:45.3530476Z State: Starting, Action: InitiatingSiteWarmUpProbe, LastError: , LastErrorTimestamp: 01/01/0001 00:00:00, LastErrorDetails: , Details: Container fabric-demo-gallery-api successfully created and is running., DetailsLevel: INFO
2026-05-12T07:55:45.3542122Z State: Starting, Action: WaitingForSiteWarmUpProbeSuccess, LastError: , LastErrorTimestamp: 01/01/0001 00:00:00, LastErrorDetails: , Details: Pinging warmup path to ensure container is ready to receive requests., DetailsLevel: INFO
2026-05-12T07:56:46.7695733Z Site startup probe succeeded after 61.3091871 seconds.
2026-05-12T07:56:46.9242517Z State: Starting, Action: WarmUpProbeSucceeded, LastError: , LastErrorTimestamp: 01/01/0001 00:00:00, LastErrorDetails: , Details: Site startup probe succeeded after 61.3091871 seconds., DetailsLevel: INFO
2026-05-12T07:56:47.5680183Z Site is running with deployment version: 1fdd7593-d5f5-4ddd-869a-b2a88fe1662f
2026-05-12T07:56:47.5764579Z Site started.
2026-05-12T07:56:47.5765876Z State: Started, Action: None, LastError: , LastErrorTimestamp: 01/01/0001 00:00:00, LastErrorDetails: , Details: Site started at 05/12/2026 07:56:47 (UTC), DetailsLevel: INFO
2026-05-12T07:56:47.5854471Z Site is running with patch version PYTHON 3.12.12
2026-05-12T07:57:07.6924067Z State: Stopping, Action: StoppingSite, LastError: , LastErrorTimestamp: 01/01/0001 00:00:00, LastErrorDetails: , Details: Site started at 05/12/2026 07:12:12 (UTC), DetailsLevel: INFO
2026-05-12T07:57:07.7006932Z State: Stopping, Action: StoppingSiteContainers, LastError: , LastErrorTimestamp: 01/01/0001 00:00:00, LastErrorDetails: , Details: Site started at 05/12/2026 07:12:12 (UTC), DetailsLevel: INFO
2026-05-12T07:57:07.7021059Z Container is terminating. Grace period: 5 seconds.
2026-05-12T07:57:08.0997178Z Stop and delete container. Retry count = 0
2026-05-12T07:57:08.1094190Z Stopping container: 9d912770b43b_fabric-demo-gallery-api.
2026-05-12T07:57:13.2836691Z Deleting container: 9d912770b43b_fabric-demo-gallery-api. Retry count = 0
2026-05-12T07:57:17.4720662Z Container spec TerminationMessagePolicy  path 
2026-05-12T07:57:17.4788159Z Container is terminated. Total time elapsed: 9775 ms.
2026-05-12T07:57:17.4963422Z Site: fabric-demo-gallery-api stopped.
