2026-05-21T09:47:50.8400938Z State: Starting, Action: EstablishingSiteNetworks, LastError: SiteStartupCancelled, LastErrorTimestamp: 05/18/2026 21:10:01, LastErrorDetails: , Details: Site stopped at 05/18/2026 21:10:01 (UTC), DetailsLevel: WARN
2026-05-21T09:47:53.6843219Z State: Starting, Action: StartingSiteContainers, LastError: SiteStartupCancelled, LastErrorTimestamp: 05/18/2026 21:10:01, LastErrorDetails: , Details: Site stopped at 05/18/2026 21:10:01 (UTC), DetailsLevel: WARN
2026-05-21T09:47:53.6873871Z Container start method called.
2026-05-21T09:47:53.6937286Z State: Starting, Action: PullingImage, LastError: SiteStartupCancelled, LastErrorTimestamp: 05/18/2026 21:10:01, LastErrorDetails: , Details: Pulling image 10.1.0.5:13209/appsvc/python:3.12_20260504.4.tuxprod for fabric-demo-gallery-api., DetailsLevel: INFO
2026-05-21T09:47:53.6946690Z Establishing network.
2026-05-21T09:47:53.6981962Z Pulling image: appsvc/python:3.12_20260504.4.tuxprod.
2026-05-21T09:49:02.7580743Z Image appsvc/python:3.12_20260504.4.tuxprod is pulled from registry 10.1.0.5:13209
2026-05-21T09:49:02.7626421Z Container is starting.
2026-05-21T09:49:02.7674459Z State: Starting, Action: MountingVolumes, LastError: SiteStartupCancelled, LastErrorTimestamp: 05/18/2026 21:10:01, LastErrorDetails: , Details: Mounting volumes for fabric-demo-gallery-api., DetailsLevel: INFO
2026-05-21T09:49:02.7682677Z Establishing user namespace if not established already.
2026-05-21T09:49:02.7688133Z Establishing network if not established already.
2026-05-21T09:49:02.7694511Z Mounting volumes.
2026-05-21T09:49:02.7811753Z Nested mountpoint 
2026-05-21T09:49:02.8382350Z Nested mountpoint volatile/logs
2026-05-21T09:49:02.8843856Z Nested mountpoint 
2026-05-21T09:49:02.9616761Z Nested mountpoint 
2026-05-21T09:49:02.9712343Z Nested mountpoint 
2026-05-21T09:49:18.0048864Z State: Starting, Action: CreatingContainer, LastError: SiteStartupCancelled, LastErrorTimestamp: 05/18/2026 21:10:01, LastErrorDetails: , Details: Finished pulling container image and mounting volumes for fabric-demo-gallery-api. Allocatinng the rest of the container resources to finish container creation., DetailsLevel: INFO
2026-05-21T09:49:18.0597861Z Creating container.
2026-05-21T09:49:18.0619127Z Creating pipes for streaming container io.
2026-05-21T09:49:18.0630146Z Creating stdout named pipe at /podr/container/pipe/9d70fec64793_fabric-demo-gallery-api/stdout_aba8e3e0d7f8499abc8e233fe934efee.
2026-05-21T09:49:18.0799979Z Successfully created stdout named pipe at: /podr/container/pipe/9d70fec64793_fabric-demo-gallery-api/stdout_aba8e3e0d7f8499abc8e233fe934efee.
2026-05-21T09:49:18.0802427Z Opening named pipe /podr/container/pipe/9d70fec64793_fabric-demo-gallery-api/stdout_aba8e3e0d7f8499abc8e233fe934efee for reading in non-blocking mode.
2026-05-21T09:49:18.0804143Z Successfully opened named pipe: /podr/container/pipe/9d70fec64793_fabric-demo-gallery-api/stdout_aba8e3e0d7f8499abc8e233fe934efee.
2026-05-21T09:49:18.0805575Z Successfully removed non-blocking flag from /podr/container/pipe/9d70fec64793_fabric-demo-gallery-api/stdout_aba8e3e0d7f8499abc8e233fe934efee.
2026-05-21T09:49:18.1267682Z Creating stderr named pipe at /podr/container/pipe/9d70fec64793_fabric-demo-gallery-api/stderr_4246faddd0c540fa974a2a35a8b3f09f.
2026-05-21T09:49:18.1295551Z Successfully created stderr named pipe at: /podr/container/pipe/9d70fec64793_fabric-demo-gallery-api/stderr_4246faddd0c540fa974a2a35a8b3f09f.
2026-05-21T09:49:18.1299384Z Opening named pipe /podr/container/pipe/9d70fec64793_fabric-demo-gallery-api/stderr_4246faddd0c540fa974a2a35a8b3f09f for reading in non-blocking mode.
2026-05-21T09:49:18.1310835Z Successfully opened named pipe: /podr/container/pipe/9d70fec64793_fabric-demo-gallery-api/stderr_4246faddd0c540fa974a2a35a8b3f09f.
2026-05-21T09:49:18.1325732Z Successfully removed non-blocking flag from /podr/container/pipe/9d70fec64793_fabric-demo-gallery-api/stderr_4246faddd0c540fa974a2a35a8b3f09f.
2026-05-21T09:49:18.1425211Z Creating container with image: appsvc/python:3.12_20260504.4.tuxprod from registry: 10.1.0.5:13209 and fully qualified image name: 10.1.0.5:13209/appsvc/python:3.12_20260504.4.tuxprod
2026-05-21T09:49:19.1933924Z Starting container: 9d70fec64793_fabric-demo-gallery-api.
2026-05-21T09:49:19.3258913Z Starting watchers and probes.
2026-05-21T09:49:19.3371857Z Starting metrics collection.
2026-05-21T09:49:19.3438334Z Container is running.
2026-05-21T09:49:19.3439341Z State: Starting, Action: CreatingContainer, LastError: SiteStartupCancelled, LastErrorTimestamp: 05/18/2026 21:10:01, LastErrorDetails: , Details: Container fabric-demo-gallery-api successfully created and is running., DetailsLevel: INFO
2026-05-21T09:49:19.6344485Z Container start method finished after 85946 ms.
2026-05-21T09:49:19.6365970Z State: Starting, Action: InitiatingSiteWarmUpProbe, LastError: SiteStartupCancelled, LastErrorTimestamp: 05/18/2026 21:10:01, LastErrorDetails: , Details: Container fabric-demo-gallery-api successfully created and is running., DetailsLevel: INFO
2026-05-21T09:49:19.6437046Z State: Starting, Action: WaitingForSiteWarmUpProbeSuccess, LastError: SiteStartupCancelled, LastErrorTimestamp: 05/18/2026 21:10:01, LastErrorDetails: , Details: Pinging warmup path to ensure container is ready to receive requests., DetailsLevel: INFO
2026-05-21T09:50:12.0819049Z Site startup probe succeeded after 52.3319239 seconds.
2026-05-21T09:50:12.2837381Z State: Starting, Action: WarmUpProbeSucceeded, LastError: SiteStartupCancelled, LastErrorTimestamp: 05/18/2026 21:10:01, LastErrorDetails: , Details: Site startup probe succeeded after 52.3319239 seconds., DetailsLevel: INFO
2026-05-21T09:50:12.8256583Z Site is running with deployment version: 1fdd7593-d5f5-4ddd-869a-b2a88fe1662f
2026-05-21T09:50:12.8310459Z Site started.
2026-05-21T09:50:12.8330154Z State: Started, Action: None, LastError: SiteStartupCancelled, LastErrorTimestamp: 05/18/2026 21:10:01, LastErrorDetails: , Details: Site started at 05/21/2026 09:50:12 (UTC), DetailsLevel: INFO
2026-05-21T09:50:12.9179865Z Site is running with patch version PYTHON 3.12.13
