2026-05-10T21:01:19.9642429Z,Updating submodules.,8b2f5047-0aff-4924-95cb-c898d582e549,0
2026-05-10T21:01:21.1914675Z,Preparing deployment for commit id '80f69a13-f'.,ac964250-41e2-490b-ad3d-4fa5eed802bd,0
2026-05-10T21:01:21.6791637Z,PreDeployment: context.CleanOutputPath False,04cda62f-4d98-4242-9b9e-70dcafcb1a50,0
2026-05-10T21:01:21.8720068Z,PreDeployment: context.OutputPath /home/site/wwwroot,70382d86-014e-4313-9019-fe368af66026,0
2026-05-10T21:01:22.0920276Z,Repository path is /tmp/zipdeploy/extracted,204114a2-4357-4cd8-a288-5f0c58bd0272,0
2026-05-10T21:01:22.2803758Z,Running oryx build...,9290244f-ef35-4b60-9ad4-98b484e71329,0
	2026-05-10T21:01:22.3239064Z,Command: oryx build /tmp/zipdeploy/extracted -o /home/site/wwwroot --platform python --platform-version 3.12 -p virtualenv_name=antenv --log-file /tmp/build-debug.log  -i /tmp/8deaed749e85445 --compress-destination-dir | tee /tmp/oryx-build.log,,0
	2026-05-10T21:01:24.9204829Z,Operation performed by Microsoft Oryx&comma; https://github.com/Microsoft/Oryx,,0
	2026-05-10T21:01:25.0106491Z,You can report issues at https://github.com/Microsoft/Oryx/issues,,0
	2026-05-10T21:01:25.0685324Z,,,0
	2026-05-10T21:01:25.1136832Z,Oryx Version: 0.2.20260420.1+83c04e9ee1882dc90d279b63348824daedbd3c96&comma; Commit: 83c04e9ee1882dc90d279b63348824daedbd3c96&comma; ReleaseTagName: 20260420.1,,0
	2026-05-10T21:01:25.1547803Z,,,0
	2026-05-10T21:01:25.1956926Z,Build Operation ID: 505c05fda9e367c3,,0
	2026-05-10T21:01:25.2744059Z,Repository Commit : 80f69a13-fbdc-4dea-ae03-f4288d6c1fdc,,0
	2026-05-10T21:01:25.3483438Z,OS Type           : bullseye,,0
	2026-05-10T21:01:25.4089280Z,Image Type        : githubactions,,0
	2026-05-10T21:01:25.4542573Z,,,0
	2026-05-10T21:01:25.4928153Z,Primary SDK Storage URL: https://oryx-cdn.microsoft.io,,0
	2026-05-10T21:01:25.5474281Z,Backup SDK Storage URL: ,,0
	2026-05-10T21:01:25.6101761Z,ACR SDK Registry URL: (not set),,0
	2026-05-10T21:01:25.6427541Z,SDK provider status:,,0
	2026-05-10T21:01:25.7013755Z,  External ACR SDK provider: Disabled,,0
	2026-05-10T21:01:25.7420737Z,  External SDK provider: Enabled,,0
	2026-05-10T21:01:25.7785613Z,  Direct ACR SDK provider: Disabled,,0
	2026-05-10T21:01:25.8134876Z,  Blob SDK provider: Enabled,,0
	2026-05-10T21:01:25.8553284Z,Detecting platforms...,,0
	2026-05-10T21:01:25.8869231Z,Requesting metadata for platform python from external SDK provider,,0
	2026-05-10T21:01:27.8394719Z,Requesting metadata for platform python from external SDK provider,,0
	2026-05-10T21:01:28.8490196Z,Version resolved using external SDK provider.,,0
	2026-05-10T21:01:28.9860535Z,Detected following platforms:,,0
	2026-05-10T21:01:29.0611466Z,  python: 3.12.13,,0
	2026-05-10T21:01:29.9223739Z,,,0
	2026-05-10T21:01:29.9427304Z,Using intermediate directory '/tmp/8deaed749e85445'.,,0
	2026-05-10T21:01:30.0055520Z,,,0
	2026-05-10T21:01:30.1119239Z,Copying files to the intermediate directory...,,0
	2026-05-10T21:01:30.5189819Z,Copying files to intermediate directory done in 1 sec(s).,,0
	2026-05-10T21:01:30.5946852Z,,,0
	2026-05-10T21:01:30.6544586Z,Source directory     : /tmp/8deaed749e85445,,0
	2026-05-10T21:01:30.7303765Z,Destination directory: /home/site/wwwroot,,0
	2026-05-10T21:01:30.7972999Z,,,0
	2026-05-10T21:01:31.1072443Z,Running build script snippets...,,0
	2026-05-10T21:01:31.1932527Z,Python Version: /tmp/oryx/platforms/python/3.12.13/bin/python3.12,,0
	2026-05-10T21:01:31.2341221Z,Creating directory for command manifest file if it does not exist,,0
	2026-05-10T21:01:31.3101287Z,Removing existing manifest file,,0
	2026-05-10T21:01:31.3517685Z,Python Virtual Environment: antenv,,0
	2026-05-10T21:01:31.4464560Z,Creating virtual environment...,,0
	2026-05-10T21:01:31.5104988Z,Executing: /tmp/oryx/platforms/python/3.12.13/bin/python3.12 -m venv antenv --copies --system-site-packages,,0
	2026-05-10T21:01:45.8788653Z,Activating virtual environment...,,0
	2026-05-10T21:01:45.9972275Z,Fast build is enabled,,0
	2026-05-10T21:01:46.0529537Z,Installing uv...,,0
	2026-05-10T21:01:49.4890303Z,Collecting uv,,0
	2026-05-10T21:01:49.5742800Z,  Using cached uv-0.11.12-py3-none-manylinux_2_17_x86_64.manylinux2014_x86_64.whl.metadata (11 kB),,0
	2026-05-10T21:01:49.6726371Z,Using cached uv-0.11.12-py3-none-manylinux_2_17_x86_64.manylinux2014_x86_64.whl (24.7 MB),,0
	2026-05-10T21:01:50.2686029Z,Installing collected packages: uv,,0
	2026-05-10T21:01:51.9951682Z,Successfully installed uv-0.11.12,,0
	2026-05-10T21:01:52.4611810Z,,,1
	2026-05-10T21:01:52.5166663Z,[notice] A new release of pip is available: 25.0.1 -> 26.1.1,,1
	2026-05-10T21:01:52.5808728Z,[notice] To update&comma; run: pip install --upgrade pip,,1
	2026-05-10T21:01:52.9191419Z,Running uv pip install...,,0
	2026-05-10T21:02:15.8285162Z,Using Python 3.12.13 environment at: antenv,,0
	2026-05-10T21:02:16.0370090Z,Resolved 37 packages in 929ms,,0
	2026-05-10T21:02:16.1238043Z,Installed 37 packages in 1.03s,,0
	2026-05-10T21:02:16.2484632Z,Bytecode compiled 1181 files in 20.16s,,0
	2026-05-10T21:02:16.3644269Z, + annotated-types==0.7.0,,0
	2026-05-10T21:02:16.4790064Z, + anyio==4.13.0,,0
	2026-05-10T21:02:16.6258450Z, + certifi==2026.4.22,,0
	2026-05-10T21:02:16.7385496Z, + cffi==2.0.0,,0
	2026-05-10T21:02:16.7960021Z, + charset-normalizer==3.4.7,,0
	2026-05-10T21:02:16.8791174Z, + click==8.3.3,,0
	2026-05-10T21:02:16.9956483Z, + cryptography==45.0.7,,0
	2026-05-10T21:02:17.1059481Z, + deprecated==1.3.1,,0
	2026-05-10T21:02:17.3001951Z, + fastapi==0.115.6,,0
	2026-05-10T21:02:17.3757227Z, + gunicorn==23.0.0,,0
	2026-05-10T21:02:17.4688781Z, + h11==0.16.0,,0
	2026-05-10T21:02:17.5907118Z, + httpcore==1.0.9,,0
	2026-05-10T21:02:17.7527228Z, + httptools==0.7.1,,0
	2026-05-10T21:02:17.8563315Z, + httpx==0.28.1,,0
	2026-05-10T21:02:18.1036415Z, + idna==3.14,,0
	2026-05-10T21:02:18.5302105Z, + limits==5.8.0,,0
	2026-05-10T21:02:18.8331903Z, + msal==1.31.1,,0
	2026-05-10T21:02:18.9883997Z, + packaging==26.2,,0
	2026-05-10T21:02:19.1055727Z, + pycparser==3.0,,0
	2026-05-10T21:02:19.1970341Z, + pydantic==2.10.4,,0
	2026-05-10T21:02:19.3786156Z, + pydantic-core==2.27.2,,0
	2026-05-10T21:02:19.5620914Z, + pydantic-settings==2.7.1,,0
	2026-05-10T21:02:19.6649955Z, + pyjwt==2.12.1,,0
	2026-05-10T21:02:19.8411050Z, + python-dotenv==1.0.1,,0
	2026-05-10T21:02:19.9828056Z, + python-multipart==0.0.20,,0
	2026-05-10T21:02:20.1243003Z, + pyyaml==6.0.3,,0
	2026-05-10T21:02:20.2668772Z, + requests==2.33.1,,0
	2026-05-10T21:02:20.4319523Z, + slowapi==0.1.9,,0
	2026-05-10T21:02:20.5135682Z, + sse-starlette==2.2.1,,0
	2026-05-10T21:02:20.6822222Z, + starlette==0.41.3,,0
	2026-05-10T21:02:20.8120363Z, + typing-extensions==4.15.0,,0
	2026-05-10T21:02:20.9469261Z, + urllib3==2.7.0,,0
	2026-05-10T21:02:21.3114084Z, + uvicorn==0.34.0,,0
	2026-05-10T21:02:21.4939261Z, + uvloop==0.22.1,,0
	2026-05-10T21:02:21.5998934Z, + watchfiles==1.1.1,,0
	2026-05-10T21:02:21.8859828Z, + websockets==16.0,,0
	2026-05-10T21:02:22.0054898Z, + wrapt==2.1.2,,0
	2026-05-10T21:02:22.1203672Z,uv pip install done in 30 sec(s).,,0
	2026-05-10T21:02:22.2272872Z,Not a vso image&comma; so not writing build commands,,0
	2026-05-10T21:02:22.3881047Z,,,0
	2026-05-10T21:02:22.5845015Z,Copying 'requirements.txt' to destination directory...,,0
	2026-05-10T21:02:22.8074358Z,Done copying requirements.txt to destination directory.,,0
	2026-05-10T21:02:22.9657247Z,Build script snippets done in 45 sec(s).,,0
	2026-05-10T21:02:23.1077431Z,Preparing output...,,0
	2026-05-10T21:02:23.2069773Z,Compressing source directory directly to destination (optimized path)...,,0
	2026-05-10T21:02:23.4379306Z,Using zstd for compression,,0
	2026-05-10T21:02:39.2485388Z,Copied the compressed output to '/home/site/wwwroot',,0
	2026-05-10T21:02:39.3650323Z,Direct compression with zstd done in 23 sec(s).,,0
	2026-05-10T21:02:39.4471583Z,,,0
	2026-05-10T21:02:39.4973550Z,Removing existing manifest file,,0
	2026-05-10T21:02:39.5294638Z,Creating a manifest file...,,0
	2026-05-10T21:02:39.5584420Z,Manifest file created.,,0
	2026-05-10T21:02:39.6045298Z,Copying .ostype to manifest output directory.,,0
	2026-05-10T21:02:39.6449656Z,,,0
	2026-05-10T21:02:39.6640159Z,Total execution done in 70 sec(s).,,0
2026-05-10T21:02:40.1849338Z,Running post deployment command(s)...,e50e9e58-c4c5-42cf-8a94-0e7e37703755,0
2026-05-10T21:02:40.4034841Z,,8efd8f14-3744-4ca4-80b1-28d4d40f1919,0
2026-05-10T21:02:40.5744303Z,Generating summary of Oryx build,188d9e71-12ba-44fb-b3fb-9afa027cef48,0
2026-05-10T21:02:40.7950688Z,Parsing the build logs,275c0bbc-81f3-4928-b33d-cda6c7336b5a,0
2026-05-10T21:02:41.0852660Z,Found 0 issue(s),f18e21fb-9035-4ead-9cc8-18bc5da926c1,0
2026-05-10T21:02:41.4017597Z,,ec9821ef-8d0b-46c8-8638-5335204b00a2,0
2026-05-10T21:02:41.5907364Z,Build Summary :,ecb68f05-9e0e-4481-a3d8-0eeaceb91d10,0
2026-05-10T21:02:41.8391995Z,===============,f1363c71-f331-4123-a7b8-e3f56c0d4d57,0
2026-05-10T21:02:42.0089524Z,Errors (0),b1a98bc9-4a50-4227-912d-b17a47eebc96,0
2026-05-10T21:02:42.1738367Z,Warnings (0),175a4def-98ad-49a4-9164-72e059d9930e,0
2026-05-10T21:02:42.3728863Z,,c96d26de-0624-4c53-b2c6-00f22e8b779d,0
2026-05-10T21:02:42.6489715Z,Triggering container recycle for OneDeploy by adding/updating restartTrigger.txt to the site root path,469b04b7-b113-49a4-882a-d23fd26a3fdd,0
2026-05-10T21:02:42.9023296Z,Deployment successful. deployer = OneDeploy deploymentPath = OneDeploy,d13ed89d-a1d6-49b6-927f-4518f8f65aa3,0
