2026-05-12T07:54:30.3596787Z,Updating submodules.,fdec2331-bc38-4e2a-b3fc-a37c66b45368,0
2026-05-12T07:54:31.5669787Z,Preparing deployment for commit id '1fdd7593-d'.,afba1bde-b01b-41a9-a969-f131682280e8,0
2026-05-12T07:54:32.0648629Z,PreDeployment: context.CleanOutputPath False,458c64ab-2c98-458e-bede-00e78fa18f43,0
2026-05-12T07:54:32.2599040Z,PreDeployment: context.OutputPath /home/site/wwwroot,94d91059-f9a0-4ecf-8838-16624e7d306b,0
2026-05-12T07:54:32.4732691Z,Repository path is /tmp/zipdeploy/extracted,89e0c7a6-3641-450c-a626-5e94669e4c5d,0
2026-05-12T07:54:32.7235971Z,Running oryx build...,8be91f2b-11f3-42de-956f-38ccae18a8ea,0
	2026-05-12T07:54:32.7529251Z,Command: oryx build /tmp/zipdeploy/extracted -o /home/site/wwwroot --platform python --platform-version 3.12 -p virtualenv_name=antenv --log-file /tmp/build-debug.log  -i /tmp/8deaffbb39af85a --compress-destination-dir | tee /tmp/oryx-build.log,,0
	2026-05-12T07:54:35.0601226Z,Operation performed by Microsoft Oryx&comma; https://github.com/Microsoft/Oryx,,0
	2026-05-12T07:54:35.1544294Z,You can report issues at https://github.com/Microsoft/Oryx/issues,,0
	2026-05-12T07:54:35.2029629Z,,,0
	2026-05-12T07:54:35.2723136Z,Oryx Version: 0.2.20260420.1+83c04e9ee1882dc90d279b63348824daedbd3c96&comma; Commit: 83c04e9ee1882dc90d279b63348824daedbd3c96&comma; ReleaseTagName: 20260420.1,,0
	2026-05-12T07:54:35.3171284Z,,,0
	2026-05-12T07:54:35.3914932Z,Build Operation ID: 28dccfe393d37437,,0
	2026-05-12T07:54:35.4198861Z,Repository Commit : 1fdd7593-d5f5-4ddd-869a-b2a88fe1662f,,0
	2026-05-12T07:54:35.4898794Z,OS Type           : bullseye,,0
	2026-05-12T07:54:35.5237727Z,Image Type        : githubactions,,0
	2026-05-12T07:54:35.5633621Z,,,0
	2026-05-12T07:54:35.6033373Z,Primary SDK Storage URL: https://oryx-cdn.microsoft.io,,0
	2026-05-12T07:54:35.6704410Z,Backup SDK Storage URL: ,,0
	2026-05-12T07:54:35.7693920Z,ACR SDK Registry URL: (not set),,0
	2026-05-12T07:54:35.8188035Z,SDK provider status:,,0
	2026-05-12T07:54:35.8464191Z,  External ACR SDK provider: Disabled,,0
	2026-05-12T07:54:35.9341402Z,  External SDK provider: Enabled,,0
	2026-05-12T07:54:35.9991595Z,  Direct ACR SDK provider: Disabled,,0
	2026-05-12T07:54:36.0187885Z,  Blob SDK provider: Enabled,,0
	2026-05-12T07:54:36.0506084Z,Detecting platforms...,,0
	2026-05-12T07:54:36.0764723Z,Requesting metadata for platform python from external SDK provider,,0
	2026-05-12T07:54:37.3200783Z,Requesting metadata for platform python from external SDK provider,,0
	2026-05-12T07:54:38.8590195Z,Version resolved using external SDK provider.,,0
	2026-05-12T07:54:38.9418789Z,Detected following platforms:,,0
	2026-05-12T07:54:39.0000594Z,  python: 3.12.13,,0
	2026-05-12T07:54:39.2786251Z,,,0
	2026-05-12T07:54:39.3820357Z,Using intermediate directory '/tmp/8deaffbb39af85a'.,,0
	2026-05-12T07:54:39.4274625Z,,,0
	2026-05-12T07:54:39.4554034Z,Copying files to the intermediate directory...,,0
	2026-05-12T07:54:39.9118527Z,Copying files to intermediate directory done in 0 sec(s).,,0
	2026-05-12T07:54:40.0213415Z,,,0
	2026-05-12T07:54:40.0868049Z,Source directory     : /tmp/8deaffbb39af85a,,0
	2026-05-12T07:54:40.1552291Z,Destination directory: /home/site/wwwroot,,0
	2026-05-12T07:54:40.2284323Z,,,0
	2026-05-12T07:54:40.5661727Z,Running build script snippets...,,0
	2026-05-12T07:54:40.6363100Z,Python Version: /tmp/oryx/platforms/python/3.12.13/bin/python3.12,,0
	2026-05-12T07:54:40.6932220Z,Creating directory for command manifest file if it does not exist,,0
	2026-05-12T07:54:40.7520855Z,Removing existing manifest file,,0
	2026-05-12T07:54:40.8096814Z,Python Virtual Environment: antenv,,0
	2026-05-12T07:54:40.8722266Z,Creating virtual environment...,,0
	2026-05-12T07:54:40.9419887Z,Executing: /tmp/oryx/platforms/python/3.12.13/bin/python3.12 -m venv antenv --copies --system-site-packages,,0
	2026-05-12T07:54:57.4696999Z,Activating virtual environment...,,0
	2026-05-12T07:54:57.6150570Z,Fast build is enabled,,0
	2026-05-12T07:54:57.6837593Z,Installing uv...,,0
	2026-05-12T07:55:00.9082426Z,Collecting uv,,0
	2026-05-12T07:55:01.0003260Z,  Using cached uv-0.11.13-py3-none-manylinux_2_17_x86_64.manylinux2014_x86_64.whl.metadata (11 kB),,0
	2026-05-12T07:55:01.0596653Z,Using cached uv-0.11.13-py3-none-manylinux_2_17_x86_64.manylinux2014_x86_64.whl (24.7 MB),,0
	2026-05-12T07:55:02.2928515Z,Installing collected packages: uv,,0
	2026-05-12T07:55:05.6112320Z,Successfully installed uv-0.11.13,,0
	2026-05-12T07:55:06.3079461Z,,,1
	2026-05-12T07:55:06.4108355Z,[notice] A new release of pip is available: 25.0.1 -> 26.1.1,,1
	2026-05-12T07:55:06.5013107Z,[notice] To update&comma; run: pip install --upgrade pip,,1
	2026-05-12T07:55:07.1101354Z,Running uv pip install...,,0
	2026-05-12T07:55:19.1137945Z,Using Python 3.12.13 environment at: antenv,,0
	2026-05-12T07:55:19.2565446Z,Resolved 37 packages in 1.29s,,0
	2026-05-12T07:55:19.3136385Z,Installed 37 packages in 476ms,,0
	2026-05-12T07:55:19.4092439Z,Bytecode compiled 1182 files in 9.40s,,0
	2026-05-12T07:55:19.4793718Z, + annotated-types==0.7.0,,0
	2026-05-12T07:55:19.5546989Z, + anyio==4.13.0,,0
	2026-05-12T07:55:19.6202781Z, + certifi==2026.4.22,,0
	2026-05-12T07:55:19.7455661Z, + cffi==2.0.0,,0
	2026-05-12T07:55:19.8356981Z, + charset-normalizer==3.4.7,,0
	2026-05-12T07:55:19.9102258Z, + click==8.3.3,,0
	2026-05-12T07:55:20.0016386Z, + cryptography==45.0.7,,0
	2026-05-12T07:55:20.0622465Z, + deprecated==1.3.1,,0
	2026-05-12T07:55:20.1285754Z, + fastapi==0.115.6,,0
	2026-05-12T07:55:20.2219343Z, + gunicorn==23.0.0,,0
	2026-05-12T07:55:20.3331662Z, + h11==0.16.0,,0
	2026-05-12T07:55:20.4231557Z, + httpcore==1.0.9,,0
	2026-05-12T07:55:20.5057487Z, + httptools==0.7.1,,0
	2026-05-12T07:55:20.5723200Z, + httpx==0.28.1,,0
	2026-05-12T07:55:20.6320609Z, + idna==3.14,,0
	2026-05-12T07:55:20.7047481Z, + limits==5.8.0,,0
	2026-05-12T07:55:20.7564119Z, + msal==1.31.1,,0
	2026-05-12T07:55:20.8167491Z, + packaging==26.2,,0
	2026-05-12T07:55:20.8754734Z, + pycparser==3.0,,0
	2026-05-12T07:55:20.9484488Z, + pydantic==2.10.4,,0
	2026-05-12T07:55:20.9965879Z, + pydantic-core==2.27.2,,0
	2026-05-12T07:55:21.0595347Z, + pydantic-settings==2.7.1,,0
	2026-05-12T07:55:21.1358066Z, + pyjwt==2.12.1,,0
	2026-05-12T07:55:21.2213390Z, + python-dotenv==1.0.1,,0
	2026-05-12T07:55:21.2814737Z, + python-multipart==0.0.20,,0
	2026-05-12T07:55:21.3747980Z, + pyyaml==6.0.3,,0
	2026-05-12T07:55:21.4358981Z, + requests==2.34.0,,0
	2026-05-12T07:55:21.4823221Z, + slowapi==0.1.9,,0
	2026-05-12T07:55:21.5678996Z, + sse-starlette==2.2.1,,0
	2026-05-12T07:55:21.6273979Z, + starlette==0.41.3,,0
	2026-05-12T07:55:21.6823890Z, + typing-extensions==4.15.0,,0
	2026-05-12T07:55:21.7502133Z, + urllib3==2.7.0,,0
	2026-05-12T07:55:21.8393126Z, + uvicorn==0.34.0,,0
	2026-05-12T07:55:21.9318530Z, + uvloop==0.22.1,,0
	2026-05-12T07:55:21.9896041Z, + watchfiles==1.1.1,,0
	2026-05-12T07:55:22.0559626Z, + websockets==16.0,,0
	2026-05-12T07:55:22.1077725Z, + wrapt==2.1.2,,0
	2026-05-12T07:55:22.1726705Z,uv pip install done in 22 sec(s).,,0
	2026-05-12T07:55:22.2298164Z,Not a vso image&comma; so not writing build commands,,0
	2026-05-12T07:55:22.3360362Z,,,0
	2026-05-12T07:55:22.3931809Z,Copying 'requirements.txt' to destination directory...,,0
	2026-05-12T07:55:22.4677984Z,Done copying requirements.txt to destination directory.,,0
	2026-05-12T07:55:22.5256764Z,Build script snippets done in 39 sec(s).,,0
	2026-05-12T07:55:22.5853067Z,Preparing output...,,0
	2026-05-12T07:55:22.6515856Z,Compressing source directory directly to destination (optimized path)...,,0
	2026-05-12T07:55:22.7232227Z,Using zstd for compression,,0
	2026-05-12T07:55:29.3157789Z,Copied the compressed output to '/home/site/wwwroot',,0
	2026-05-12T07:55:29.4065645Z,Direct compression with zstd done in 10 sec(s).,,0
	2026-05-12T07:55:29.4432828Z,,,0
	2026-05-12T07:55:29.4936936Z,Removing existing manifest file,,0
	2026-05-12T07:55:29.5229460Z,Creating a manifest file...,,0
	2026-05-12T07:55:29.5498580Z,Manifest file created.,,0
	2026-05-12T07:55:29.6102862Z,Copying .ostype to manifest output directory.,,0
	2026-05-12T07:55:29.6301492Z,,,0
	2026-05-12T07:55:29.6533397Z,Total execution done in 50 sec(s).,,0
2026-05-12T07:55:30.1240071Z,Running post deployment command(s)...,63df5da2-a1e3-4af0-a95f-412967aa39a4,0
2026-05-12T07:55:30.2954668Z,,0b584562-1124-4471-a30f-5bea9a1b1d60,0
2026-05-12T07:55:30.4921534Z,Generating summary of Oryx build,602b5709-fc3c-4603-892d-43fa58df3d1a,0
2026-05-12T07:55:30.7079772Z,Parsing the build logs,cfd744d1-f31d-4313-8c4e-8e148469330e,0
2026-05-12T07:55:30.9689783Z,Found 0 issue(s),ea1c4234-9961-4f1d-a4fa-1c244830ca62,0
2026-05-12T07:55:31.1970522Z,,3db42628-5879-4cd4-aff2-99f8f701af7c,0
2026-05-12T07:55:31.3620531Z,Build Summary :,491a4fb9-5a0b-46cf-9aa4-7048055cb9cc,0
2026-05-12T07:55:31.6168574Z,===============,1e4752f6-8384-4899-b739-562514ebe0de,0
2026-05-12T07:55:31.8046315Z,Errors (0),a41f055f-6b9e-47b2-bef6-d016c239423b,0
2026-05-12T07:55:31.9646508Z,Warnings (0),8d99ef36-efb3-4fff-8db4-e0dfbfb11377,0
2026-05-12T07:55:32.1386477Z,,3872a24a-e7be-4681-94ce-c225823ec2c1,0
2026-05-12T07:55:32.3633793Z,Triggering container recycle for OneDeploy by adding/updating restartTrigger.txt to the site root path,11b55528-4f2c-4957-a3fe-93f9f8b67e50,0
2026-05-12T07:55:32.6238941Z,Deployment successful. deployer = OneDeploy deploymentPath = OneDeploy,8458b284-cae6-4935-b3c4-773b534d5a94,0
