2026-05-10T21:10:49.7853748Z,Updating submodules.,d6bf639a-a29f-4a4c-b05d-b92d5b786917,0
2026-05-10T21:10:50.9506813Z,Preparing deployment for commit id 'b282adf9-9'.,341da133-97e7-4381-a044-eb262bf5ff56,0
2026-05-10T21:10:51.4088942Z,PreDeployment: context.CleanOutputPath False,29e4f258-3f65-479a-9474-2af4faf3cbee,0
2026-05-10T21:10:51.6077356Z,PreDeployment: context.OutputPath /home/site/wwwroot,4f8e4a8e-d39c-4391-9018-041fca313bbb,0
2026-05-10T21:10:51.8489470Z,Repository path is /tmp/zipdeploy/extracted,9e6c9cc4-83fb-4603-b243-bb5afd9ec5cd,0
2026-05-10T21:10:52.0312112Z,Running oryx build...,8d2081ff-23c1-4444-8d57-f6734a038352,0
	2026-05-10T21:10:52.0719051Z,Command: oryx build /tmp/zipdeploy/extracted -o /home/site/wwwroot --platform python --platform-version 3.12 -p virtualenv_name=antenv --log-file /tmp/build-debug.log  -i /tmp/8deaed89d7fae67 --compress-destination-dir | tee /tmp/oryx-build.log,,0
	2026-05-10T21:10:54.6471252Z,Operation performed by Microsoft Oryx&comma; https://github.com/Microsoft/Oryx,,0
	2026-05-10T21:10:54.7349268Z,You can report issues at https://github.com/Microsoft/Oryx/issues,,0
	2026-05-10T21:10:54.7960694Z,,,0
	2026-05-10T21:10:54.8420950Z,Oryx Version: 0.2.20260420.1+83c04e9ee1882dc90d279b63348824daedbd3c96&comma; Commit: 83c04e9ee1882dc90d279b63348824daedbd3c96&comma; ReleaseTagName: 20260420.1,,0
	2026-05-10T21:10:54.9577958Z,,,0
	2026-05-10T21:10:55.0430511Z,Build Operation ID: 06ba7f0b7e9ec1f4,,0
	2026-05-10T21:10:55.0911367Z,Repository Commit : b282adf9-9212-4b2d-8e45-ab43b35ec358,,0
	2026-05-10T21:10:55.1409470Z,OS Type           : bullseye,,0
	2026-05-10T21:10:55.1959347Z,Image Type        : githubactions,,0
	2026-05-10T21:10:55.2428327Z,,,0
	2026-05-10T21:10:55.3288436Z,Primary SDK Storage URL: https://oryx-cdn.microsoft.io,,0
	2026-05-10T21:10:55.3990120Z,Backup SDK Storage URL: ,,0
	2026-05-10T21:10:55.4491080Z,ACR SDK Registry URL: (not set),,0
	2026-05-10T21:10:55.5237062Z,SDK provider status:,,0
	2026-05-10T21:10:55.5772920Z,  External ACR SDK provider: Disabled,,0
	2026-05-10T21:10:55.6267417Z,  External SDK provider: Enabled,,0
	2026-05-10T21:10:55.6724435Z,  Direct ACR SDK provider: Disabled,,0
	2026-05-10T21:10:55.7064471Z,  Blob SDK provider: Enabled,,0
	2026-05-10T21:10:55.7303888Z,Detecting platforms...,,0
	2026-05-10T21:10:55.7490132Z,Requesting metadata for platform python from external SDK provider,,0
	2026-05-10T21:10:57.0219804Z,Requesting metadata for platform python from external SDK provider,,0
	2026-05-10T21:10:57.9200118Z,Version resolved using external SDK provider.,,0
	2026-05-10T21:10:58.0852743Z,Detected following platforms:,,0
	2026-05-10T21:10:58.1552535Z,  python: 3.12.13,,0
	2026-05-10T21:10:58.6579049Z,,,0
	2026-05-10T21:10:58.7848584Z,Using intermediate directory '/tmp/8deaed89d7fae67'.,,0
	2026-05-10T21:10:58.8354493Z,,,0
	2026-05-10T21:10:58.8946590Z,Copying files to the intermediate directory...,,0
	2026-05-10T21:10:59.6646754Z,Copying files to intermediate directory done in 1 sec(s).,,0
	2026-05-10T21:10:59.7800847Z,,,0
	2026-05-10T21:10:59.8270858Z,Source directory     : /tmp/8deaed89d7fae67,,0
	2026-05-10T21:10:59.9012073Z,Destination directory: /home/site/wwwroot,,0
	2026-05-10T21:10:59.9602138Z,,,0
	2026-05-10T21:11:00.8266257Z,Running build script snippets...,,0
	2026-05-10T21:11:00.9455574Z,Python Version: /tmp/oryx/platforms/python/3.12.13/bin/python3.12,,0
	2026-05-10T21:11:01.0413958Z,Creating directory for command manifest file if it does not exist,,0
	2026-05-10T21:11:01.1480697Z,Removing existing manifest file,,0
	2026-05-10T21:11:01.2154033Z,Python Virtual Environment: antenv,,0
	2026-05-10T21:11:01.2929924Z,Creating virtual environment...,,0
	2026-05-10T21:11:01.3757193Z,Executing: /tmp/oryx/platforms/python/3.12.13/bin/python3.12 -m venv antenv --copies --system-site-packages,,0
	2026-05-10T21:11:17.1273195Z,Activating virtual environment...,,0
	2026-05-10T21:11:17.2460419Z,Fast build is enabled,,0
	2026-05-10T21:11:17.3137216Z,Installing uv...,,0
	2026-05-10T21:11:20.7447395Z,Collecting uv,,0
	2026-05-10T21:11:20.8321171Z,  Using cached uv-0.11.12-py3-none-manylinux_2_17_x86_64.manylinux2014_x86_64.whl.metadata (11 kB),,0
	2026-05-10T21:11:20.8901427Z,Using cached uv-0.11.12-py3-none-manylinux_2_17_x86_64.manylinux2014_x86_64.whl (24.7 MB),,0
	2026-05-10T21:11:21.5813369Z,Installing collected packages: uv,,0
	2026-05-10T21:11:23.4183558Z,Successfully installed uv-0.11.12,,0
	2026-05-10T21:11:23.8015448Z,,,1
	2026-05-10T21:11:23.8403214Z,[notice] A new release of pip is available: 25.0.1 -> 26.1.1,,1
	2026-05-10T21:11:23.9183534Z,[notice] To update&comma; run: pip install --upgrade pip,,1
	2026-05-10T21:11:24.9457474Z,Running uv pip install...,,0
	2026-05-10T21:11:42.9328395Z,Using Python 3.12.13 environment at: antenv,,0
	2026-05-10T21:11:43.0288331Z,Resolved 37 packages in 486ms,,0
	2026-05-10T21:11:43.1000898Z,Installed 37 packages in 853ms,,0
	2026-05-10T21:11:43.1474332Z,Bytecode compiled 1181 files in 15.78s,,0
	2026-05-10T21:11:43.2063480Z, + annotated-types==0.7.0,,0
	2026-05-10T21:11:43.2538608Z, + anyio==4.13.0,,0
	2026-05-10T21:11:43.3785472Z, + certifi==2026.4.22,,0
	2026-05-10T21:11:43.4372254Z, + cffi==2.0.0,,0
	2026-05-10T21:11:43.4773418Z, + charset-normalizer==3.4.7,,0
	2026-05-10T21:11:43.5251739Z, + click==8.3.3,,0
	2026-05-10T21:11:43.5674445Z, + cryptography==45.0.7,,0
	2026-05-10T21:11:43.6213095Z, + deprecated==1.3.1,,0
	2026-05-10T21:11:43.6971887Z, + fastapi==0.115.6,,0
	2026-05-10T21:11:43.8216952Z, + gunicorn==23.0.0,,0
	2026-05-10T21:11:43.8920035Z, + h11==0.16.0,,0
	2026-05-10T21:11:43.9500518Z, + httpcore==1.0.9,,0
	2026-05-10T21:11:44.0256911Z, + httptools==0.7.1,,0
	2026-05-10T21:11:44.0878935Z, + httpx==0.28.1,,0
	2026-05-10T21:11:44.1459390Z, + idna==3.14,,0
	2026-05-10T21:11:44.2129521Z, + limits==5.8.0,,0
	2026-05-10T21:11:44.3235460Z, + msal==1.31.1,,0
	2026-05-10T21:11:44.3831223Z, + packaging==26.2,,0
	2026-05-10T21:11:44.4772156Z, + pycparser==3.0,,0
	2026-05-10T21:11:44.5743463Z, + pydantic==2.10.4,,0
	2026-05-10T21:11:44.6326153Z, + pydantic-core==2.27.2,,0
	2026-05-10T21:11:44.6902699Z, + pydantic-settings==2.7.1,,0
	2026-05-10T21:11:44.7547423Z, + pyjwt==2.12.1,,0
	2026-05-10T21:11:44.8150201Z, + python-dotenv==1.0.1,,0
	2026-05-10T21:11:44.8847283Z, + python-multipart==0.0.20,,0
	2026-05-10T21:11:44.9498426Z, + pyyaml==6.0.3,,0
	2026-05-10T21:11:45.0077310Z, + requests==2.33.1,,0
	2026-05-10T21:11:45.1562827Z, + slowapi==0.1.9,,0
	2026-05-10T21:11:45.2108577Z, + sse-starlette==2.2.1,,0
	2026-05-10T21:11:45.2680743Z, + starlette==0.41.3,,0
	2026-05-10T21:11:45.3427723Z, + typing-extensions==4.15.0,,0
	2026-05-10T21:11:45.4114060Z, + urllib3==2.7.0,,0
	2026-05-10T21:11:45.4821064Z, + uvicorn==0.34.0,,0
	2026-05-10T21:11:45.5969128Z, + uvloop==0.22.1,,0
	2026-05-10T21:11:45.6625795Z, + watchfiles==1.1.1,,0
	2026-05-10T21:11:45.7420352Z, + websockets==16.0,,0
	2026-05-10T21:11:45.8083569Z, + wrapt==2.1.2,,0
	2026-05-10T21:11:45.8759838Z,uv pip install done in 25 sec(s).,,0
	2026-05-10T21:11:45.9417935Z,Not a vso image&comma; so not writing build commands,,0
	2026-05-10T21:11:46.0207623Z,,,0
	2026-05-10T21:11:46.0693697Z,Copying 'requirements.txt' to destination directory...,,0
	2026-05-10T21:11:46.1514887Z,Done copying requirements.txt to destination directory.,,0
	2026-05-10T21:11:46.2298873Z,Build script snippets done in 43 sec(s).,,0
	2026-05-10T21:11:46.3121048Z,Preparing output...,,0
	2026-05-10T21:11:46.3782502Z,Compressing source directory directly to destination (optimized path)...,,0
	2026-05-10T21:11:46.4346374Z,Using zstd for compression,,0
	2026-05-10T21:11:53.4269709Z,Copied the compressed output to '/home/site/wwwroot',,0
	2026-05-10T21:11:53.5011171Z,Direct compression with zstd done in 10 sec(s).,,0
	2026-05-10T21:11:53.5592708Z,,,0
	2026-05-10T21:11:53.5968566Z,Removing existing manifest file,,0
	2026-05-10T21:11:53.6214650Z,Creating a manifest file...,,0
	2026-05-10T21:11:53.6526868Z,Manifest file created.,,0
	2026-05-10T21:11:53.6790426Z,Copying .ostype to manifest output directory.,,0
	2026-05-10T21:11:53.7133356Z,,,0
	2026-05-10T21:11:53.7488383Z,Total execution done in 55 sec(s).,,0
2026-05-10T21:11:54.2362768Z,Running post deployment command(s)...,624fa1f1-e347-4176-953b-bbb5d8129e33,0
2026-05-10T21:11:54.4087080Z,,002b62e9-6512-4014-9432-a528b3adc5b4,0
2026-05-10T21:11:54.6106184Z,Generating summary of Oryx build,6364d690-d601-4791-b9f7-bc954a2493ca,0
2026-05-10T21:11:54.8681414Z,Parsing the build logs,3ec9390d-8051-4394-8fa7-4ba3aa79c7d8,0
2026-05-10T21:11:55.0594306Z,Found 0 issue(s),e0490fc3-9d92-4694-8a6d-28a5d700c638,0
2026-05-10T21:11:55.2992553Z,,df86f75a-0aa4-4760-bb41-45ad8623277b,0
2026-05-10T21:11:55.4987985Z,Build Summary :,c1807d88-79d5-46ff-8bf7-3d3bf4d41686,0
2026-05-10T21:11:55.6926546Z,===============,eaa34744-3c78-4425-86b8-cc3c920ce945,0
2026-05-10T21:11:55.9172180Z,Errors (0),be0899af-8e89-4e58-9e10-33e64ebff9e3,0
2026-05-10T21:11:56.1810609Z,Warnings (0),9ed1d8c9-87bf-425c-9201-7da9e43a0ece,0
2026-05-10T21:11:56.4018454Z,,6b36b924-11a0-408f-9bcc-33be883b283b,0
2026-05-10T21:11:56.6217341Z,Triggering container recycle for OneDeploy by adding/updating restartTrigger.txt to the site root path,0a5cb225-b701-4106-a63e-9ac5b91ec834,0
2026-05-10T21:11:56.9041669Z,Deployment successful. deployer = OneDeploy deploymentPath = OneDeploy,c833b0f6-800c-4a53-82f3-db70197e9b2c,0
