2026-05-12T07:09:41.1606854Z,Updating submodules.,aae23d8e-cb2a-4768-aa01-bc092c5c201a,0
2026-05-12T07:09:42.4562573Z,Preparing deployment for commit id '87205583-9'.,41ad23ef-6fe9-48f7-be53-37e3fa22b255,0
2026-05-12T07:09:43.2458924Z,PreDeployment: context.CleanOutputPath False,a06dfefd-1290-469f-9fff-f7f1cd09a7e5,0
2026-05-12T07:09:43.5491857Z,PreDeployment: context.OutputPath /home/site/wwwroot,b784babb-0b72-4bfb-87dd-4bd8ded128fb,0
2026-05-12T07:09:43.8904130Z,Repository path is /tmp/zipdeploy/extracted,d85d6c05-0de1-4207-b0af-9103e748467f,0
2026-05-12T07:09:44.1467155Z,Running oryx build...,931dde6b-2770-4efd-b818-13f4f9dbb356,0
	2026-05-12T07:09:44.2047373Z,Command: oryx build /tmp/zipdeploy/extracted -o /home/site/wwwroot --platform python --platform-version 3.12 -p virtualenv_name=antenv --log-file /tmp/build-debug.log  -i /tmp/8deaff570d043b4 --compress-destination-dir | tee /tmp/oryx-build.log,,0
	2026-05-12T07:09:47.4556646Z,Operation performed by Microsoft Oryx&comma; https://github.com/Microsoft/Oryx,,0
	2026-05-12T07:09:47.5550114Z,You can report issues at https://github.com/Microsoft/Oryx/issues,,0
	2026-05-12T07:09:47.6391836Z,,,0
	2026-05-12T07:09:47.7036563Z,Oryx Version: 0.2.20260420.1+83c04e9ee1882dc90d279b63348824daedbd3c96&comma; Commit: 83c04e9ee1882dc90d279b63348824daedbd3c96&comma; ReleaseTagName: 20260420.1,,0
	2026-05-12T07:09:47.7926246Z,,,0
	2026-05-12T07:09:47.8377241Z,Build Operation ID: f18f18bfaf5f4f48,,0
	2026-05-12T07:09:47.8910752Z,Repository Commit : 87205583-91cc-448e-a6a8-95afd4fcbc4d,,0
	2026-05-12T07:09:47.9812577Z,OS Type           : bullseye,,0
	2026-05-12T07:09:48.0280061Z,Image Type        : githubactions,,0
	2026-05-12T07:09:48.1138406Z,,,0
	2026-05-12T07:09:48.2372642Z,Primary SDK Storage URL: https://oryx-cdn.microsoft.io,,0
	2026-05-12T07:09:48.3002058Z,Backup SDK Storage URL: ,,0
	2026-05-12T07:09:48.3835876Z,ACR SDK Registry URL: (not set),,0
	2026-05-12T07:09:48.4485014Z,SDK provider status:,,0
	2026-05-12T07:09:48.4761222Z,  External ACR SDK provider: Disabled,,0
	2026-05-12T07:09:48.5754360Z,  External SDK provider: Enabled,,0
	2026-05-12T07:09:48.6542403Z,  Direct ACR SDK provider: Disabled,,0
	2026-05-12T07:09:48.7096710Z,  Blob SDK provider: Enabled,,0
	2026-05-12T07:09:48.7506256Z,Detecting platforms...,,0
	2026-05-12T07:09:48.7880941Z,Requesting metadata for platform python from external SDK provider,,0
	2026-05-12T07:09:49.8682326Z,Requesting metadata for platform python from external SDK provider,,0
	2026-05-12T07:09:50.5027235Z,Version resolved using external SDK provider.,,0
	2026-05-12T07:09:50.7881980Z,Detected following platforms:,,0
	2026-05-12T07:09:50.8426094Z,  python: 3.12.13,,0
	2026-05-12T07:09:51.3849635Z,,,0
	2026-05-12T07:09:51.5053958Z,Using intermediate directory '/tmp/8deaff570d043b4'.,,0
	2026-05-12T07:09:51.5715237Z,,,0
	2026-05-12T07:09:51.6109112Z,Copying files to the intermediate directory...,,0
	2026-05-12T07:09:52.2875090Z,Copying files to intermediate directory done in 1 sec(s).,,0
	2026-05-12T07:09:52.4170345Z,,,0
	2026-05-12T07:09:52.5272631Z,Source directory     : /tmp/8deaff570d043b4,,0
	2026-05-12T07:09:52.6395562Z,Destination directory: /home/site/wwwroot,,0
	2026-05-12T07:09:52.7092716Z,,,0
	2026-05-12T07:09:53.0441108Z,Running build script snippets...,,0
	2026-05-12T07:09:53.1230221Z,Python Version: /tmp/oryx/platforms/python/3.12.13/bin/python3.12,,0
	2026-05-12T07:09:53.2133065Z,Creating directory for command manifest file if it does not exist,,0
	2026-05-12T07:09:53.2985883Z,Removing existing manifest file,,0
	2026-05-12T07:09:53.4049155Z,Python Virtual Environment: antenv,,0
	2026-05-12T07:09:53.5314210Z,Creating virtual environment...,,0
	2026-05-12T07:09:53.6485715Z,Executing: /tmp/oryx/platforms/python/3.12.13/bin/python3.12 -m venv antenv --copies --system-site-packages,,0
	2026-05-12T07:10:16.3280815Z,Activating virtual environment...,,0
	2026-05-12T07:10:16.4410097Z,Fast build is enabled,,0
	2026-05-12T07:10:16.4942864Z,Installing uv...,,0
	2026-05-12T07:10:21.1385292Z,Collecting uv,,0
	2026-05-12T07:10:21.2144981Z,  Downloading uv-0.11.13-py3-none-manylinux_2_17_x86_64.manylinux2014_x86_64.whl.metadata (11 kB),,0
	2026-05-12T07:10:22.1432138Z,Downloading uv-0.11.13-py3-none-manylinux_2_17_x86_64.manylinux2014_x86_64.whl (24.7 MB),,0
	2026-05-12T07:10:23.0887207Z,   ━━━━━━━━━━━━━━━━━━━━━━━━━━━━━━━━━━━━━━━━ 24.7/24.7 MB 15.0 MB/s eta 0:00:00,,0
	2026-05-12T07:10:23.5310174Z,Installing collected packages: uv,,0
	2026-05-12T07:10:25.2056660Z,Successfully installed uv-0.11.13,,0
	2026-05-12T07:10:25.7690312Z,,,1
	2026-05-12T07:10:25.8288315Z,[notice] A new release of pip is available: 25.0.1 -> 26.1.1,,1
	2026-05-12T07:10:25.8947573Z,[notice] To update&comma; run: pip install --upgrade pip,,1
	2026-05-12T07:10:26.2571460Z,Running uv pip install...,,0
	2026-05-12T07:10:39.0532991Z,Using Python 3.12.13 environment at: antenv,,0
	2026-05-12T07:10:39.1740255Z,Resolved 37 packages in 870ms,,0
	2026-05-12T07:10:39.2631210Z,Prepared 1 package in 20ms,,0
	2026-05-12T07:10:39.3235698Z,Installed 37 packages in 417ms,,0
	2026-05-12T07:10:39.3625720Z,Bytecode compiled 1182 files in 10.69s,,0
	2026-05-12T07:10:39.4109915Z, + annotated-types==0.7.0,,0
	2026-05-12T07:10:39.4784135Z, + anyio==4.13.0,,0
	2026-05-12T07:10:39.5530655Z, + certifi==2026.4.22,,0
	2026-05-12T07:10:39.6253622Z, + cffi==2.0.0,,0
	2026-05-12T07:10:39.6926089Z, + charset-normalizer==3.4.7,,0
	2026-05-12T07:10:39.7794682Z, + click==8.3.3,,0
	2026-05-12T07:10:39.8286286Z, + cryptography==45.0.7,,0
	2026-05-12T07:10:39.9064149Z, + deprecated==1.3.1,,0
	2026-05-12T07:10:40.0101562Z, + fastapi==0.115.6,,0
	2026-05-12T07:10:40.0553532Z, + gunicorn==23.0.0,,0
	2026-05-12T07:10:40.1126262Z, + h11==0.16.0,,0
	2026-05-12T07:10:40.2340781Z, + httpcore==1.0.9,,0
	2026-05-12T07:10:40.2910502Z, + httptools==0.7.1,,0
	2026-05-12T07:10:40.3491465Z, + httpx==0.28.1,,0
	2026-05-12T07:10:40.4270546Z, + idna==3.14,,0
	2026-05-12T07:10:40.4851731Z, + limits==5.8.0,,0
	2026-05-12T07:10:40.5501341Z, + msal==1.31.1,,0
	2026-05-12T07:10:40.6186174Z, + packaging==26.2,,0
	2026-05-12T07:10:40.6799627Z, + pycparser==3.0,,0
	2026-05-12T07:10:40.7841252Z, + pydantic==2.10.4,,0
	2026-05-12T07:10:40.8542713Z, + pydantic-core==2.27.2,,0
	2026-05-12T07:10:40.9249161Z, + pydantic-settings==2.7.1,,0
	2026-05-12T07:10:40.9813083Z, + pyjwt==2.12.1,,0
	2026-05-12T07:10:41.0640962Z, + python-dotenv==1.0.1,,0
	2026-05-12T07:10:41.1320762Z, + python-multipart==0.0.20,,0
	2026-05-12T07:10:41.2745973Z, + pyyaml==6.0.3,,0
	2026-05-12T07:10:41.4073563Z, + requests==2.34.0,,0
	2026-05-12T07:10:41.4746468Z, + slowapi==0.1.9,,0
	2026-05-12T07:10:41.5792041Z, + sse-starlette==2.2.1,,0
	2026-05-12T07:10:41.6847226Z, + starlette==0.41.3,,0
	2026-05-12T07:10:41.7330177Z, + typing-extensions==4.15.0,,0
	2026-05-12T07:10:41.8300088Z, + urllib3==2.7.0,,0
	2026-05-12T07:10:41.8978510Z, + uvicorn==0.34.0,,0
	2026-05-12T07:10:41.9765228Z, + uvloop==0.22.1,,0
	2026-05-12T07:10:42.0327695Z, + watchfiles==1.1.1,,0
	2026-05-12T07:10:42.1280224Z, + websockets==16.0,,0
	2026-05-12T07:10:42.2060833Z, + wrapt==2.1.2,,0
	2026-05-12T07:10:42.3007346Z,uv pip install done in 23 sec(s).,,0
	2026-05-12T07:10:42.3432511Z,Not a vso image&comma; so not writing build commands,,0
	2026-05-12T07:10:42.4287247Z,,,0
	2026-05-12T07:10:42.4785034Z,Copying 'requirements.txt' to destination directory...,,0
	2026-05-12T07:10:42.5450116Z,Done copying requirements.txt to destination directory.,,0
	2026-05-12T07:10:42.6138029Z,Build script snippets done in 46 sec(s).,,0
	2026-05-12T07:10:42.6962105Z,Preparing output...,,0
	2026-05-12T07:10:42.7554833Z,Compressing source directory directly to destination (optimized path)...,,0
	2026-05-12T07:10:42.8342073Z,Using zstd for compression,,0
	2026-05-12T07:10:49.7755493Z,Copied the compressed output to '/home/site/wwwroot',,0
	2026-05-12T07:10:49.9267604Z,Direct compression with zstd done in 10 sec(s).,,0
	2026-05-12T07:10:49.9876966Z,,,0
	2026-05-12T07:10:50.0571323Z,Removing existing manifest file,,0
	2026-05-12T07:10:50.1024025Z,Creating a manifest file...,,0
	2026-05-12T07:10:50.1345244Z,Manifest file created.,,0
	2026-05-12T07:10:50.1636941Z,Copying .ostype to manifest output directory.,,0
	2026-05-12T07:10:50.1959659Z,,,0
	2026-05-12T07:10:50.2412889Z,Total execution done in 59 sec(s).,,0
2026-05-12T07:10:50.7537357Z,Running post deployment command(s)...,799b2b04-914f-44d9-8fe9-3317ca94102c,0
2026-05-12T07:10:50.9690041Z,,8cc20b63-9d6d-4bfd-9894-db35df25364a,0
2026-05-12T07:10:51.1478755Z,Generating summary of Oryx build,20c57072-ae08-4541-9aa6-fbe95b72e86c,0
2026-05-12T07:10:51.4139947Z,Parsing the build logs,93b6bf8d-c506-4d28-a493-4324bc7a285d,0
2026-05-12T07:10:51.6751325Z,Found 0 issue(s),bac51959-035f-414c-9cf8-7b0e5947e9cc,0
2026-05-12T07:10:51.9011127Z,,cd2ce8ff-751f-482c-948c-b165bd6c278f,0
2026-05-12T07:10:52.1066089Z,Build Summary :,500503fa-a2a8-43b6-a776-009039efcf23,0
2026-05-12T07:10:52.3587624Z,===============,b451ea3c-2b84-4369-ad0a-f0445402c858,0
2026-05-12T07:10:52.5346912Z,Errors (0),1cebe0a8-9864-4e3e-840f-7bffa266bea9,0
2026-05-12T07:10:52.7245525Z,Warnings (0),817c559a-d465-4832-9112-0821b428d090,0
2026-05-12T07:10:52.9093186Z,,13c73eb0-ad22-4d90-8692-50a90f645ccd,0
2026-05-12T07:10:53.2420887Z,Triggering container recycle for OneDeploy by adding/updating restartTrigger.txt to the site root path,ba31a209-67dd-47f1-ab6f-23718b88a145,0
2026-05-12T07:10:53.5626674Z,Deployment successful. deployer = OneDeploy deploymentPath = OneDeploy,34b3cc55-d51e-4120-a1cc-73ba8e20b7ea,0
